Controllo direct./monolog


Controllo agglutination

OAGGLS    from:Gl2w1                [E
CAGGL     to  :Gl2w2                uelt]

OAGGLS    from:Gl2w4                [de
CAGGL     to  :Gl2w5                fin]

OAGGLS    from:Gl5w2                [i
CAGGL     to  :Gl5w3                puet]

OAGGLS    from:Gl5w4                [de
CAGGL     to  :Gl5w5                bien]

OAGGLS    from:Gl6w1                [Si
CAGGL     to  :Gl6w2                de]

OAGGLU    from:Gl7w4                [_que
CAGGL     to  :Gl7w6                di]

OAGGLS    from:Gl10w6               [ne
CAGGL     to  :Gl10w8               intent]

OAGGLS    from:Gl11w2               [il
CAGGL     to  :Gl11w3               fu]

OAGGLU    from:Gl11w4               [_et
CAGGL     to  :Gl11w5               feiz]

OAGGLU    from:Gl11w6               [_et
CAGGL     to  :Gl11w7               diz]

OAGGLS    from:Gl12w4               [en
CAGGL     to  :Gl12w5               escriz]

OAGGLS    from:Gl13w5               [en
CAGGL     to  :Gl13w6               remenbrance]

OAGGLS    from:Gl14w6               [en
CAGGL     to  :Gl14w7               france]

OAGGLS    from:Gl15w2               [en
CAGGL     to  :Gl15w4               lengue]

OAGGLS    from:Gl16w1               [Le
CAGGL     to  :Gl16w2               fist]

OAGGLU    from:Gl16w4               [_en
CAGGL     to  :Gl16w5               lionois]

OAGGLS    from:Gl18w4               [a
CAGGL     to  :Gl18w5               chastilon]

OAGGLS    from:Gl19w1               [De
CAGGL     to  :Gl19w2               filipon]

OAGGLS    from:Gl20w4               [en
CAGGL     to  :Gl20w5               babilone]

OAGGLS    from:Gl21w3               [fil
CAGGL     to  :Gl21w5               duc]

OAGGLU    from:Gl22w1               [_Qui
CAGGL     to  :Gl22w2               estoit]

OAGGLS    from:Gl23w4               [en
CAGGL     to  :Gl23w5               françois]

OAGGLS    from:Gl24w3               [en
CAGGL     to  :Gl24w4               greçois]

OAGGLS    from:Gl27w3               [a
CAGGL     to  :Gl27w4               chastillon]

OAGGLS    from:Gl30w4               [en
CAGGL     to  :Gl30w5               sa]

OAGGLS    from:Gl31w4               [en
CAGGL     to  :Gl31w5               grece]

OAGGLS    from:Gl34w4               [en
CAGGL     to  :Gl34w5               aporta]

OAGGLS    from:Gl36w2               [a
CAGGL     to  :Gl36w4               latin]

OAGGLS    from:Gl36w5               [en
CAGGL     to  :Gl36w6               roman]

OAGGLS    from:Gl39w4               [des
CAGGL     to  :Gl39w5               anciens]

OAGGLU    from:Gl40w4               [_qui
CAGGL     to  :Gl40w5               ont]

OAGGLS    from:Gl41w2               [de
CAGGL     to  :Gl41w3               lor]

OAGGLS    from:Gl43w2               [les
CAGGL     to  :Gl43w3               anciens]

OAGGLS    from:Gl45w4               [en
CAGGL     to  :Gl45w5               escriz]

OAGGLS    from:Gl46w4               [la
CAGGL     to  :Gl46w5               uerite]

OAGGLS    from:Gl50w3               [i
CAGGL     to  :Gl50w4               puet]

OAGGLU    from:Gl55w3               [_fu
CAGGL     to  :Gl55w4               dame]

OAGGLU    from:Gl55w5               [_et
CAGGL     to  :Gl55w6               roine]

OAGGLS    from:Gl60w3               [se
CAGGL     to  :Gl60w4               muert]

OAGGLS    from:Gl61w1               [OR
CAGGL     to  :Gl61w2               ne]

OAGGLS    from:Gl62w4               [qui
CAGGL     to  :Gl62w5               a]

OAGGLS    from:Gl63w1               [O
CAGGL     to  :Gl63w2               soit]

OAGGLS    from:Gl63w4               [o
CAGGL     to  :Gl63w5               soit]

OAGGLS    from:Gl64w3               [par
CAGGL     to  :Gl64w4               toz]

OAGGLS    from:Gl68w2               [il
CAGGL     to  :Gl68w4               est]

OAGGLS    from:Gl69w3               [ne
CAGGL     to  :Gl69w4               set]

OAGGLS    from:Gl69w7               [ne
CAGGL     to  :Gl69w8               uoit]

OAGGLS    from:Gl71w5               [a
CAGGL     to  :Gl71w6               ioie]

OAGGLS    from:Gl72w3               [le
CAGGL     to  :Gl72w4               pert]

OAGGLS    from:Gl77w3               [et
CAGGL     to  :Gl77w4               por]

OAGGLS    from:Gl78w4               [en
CAGGL     to  :Gl78w5               terre]

OAGGLS    from:Gl78w8               [en
CAGGL     to  :Gl78w9               mer]

OAGGLS    from:Gl79w5               [et
CAGGL     to  :Gl79w7               gerre]

OAGGLS    from:Gl80w6               [et
CAGGL     to  :Gl80w8               terre]

OAGGLU    from:Gl81w4               [_et
CAGGL     to  :Gl81w6               gerpist]

OAGGLU    from:Gl83w3               [_di
CAGGL     to  :Gl83w4               pas]

OAGGLU    from:Gl84w1               [_Ne
CAGGL     to  :Gl84w2               puet]

OAGGLS    from:Gl85w4               [et
CAGGL     to  :Gl85w5               poi]

OAGGLU    from:Gl86w5               [_la
CAGGL     to  :Gl86w6               honte]

OAGGLU    from:Gl88w4               [_da
CAGGL     to  :Gl88w5               toute]

OAGGLS    from:Gl89w1               [Li
CAGGL     to  :Gl89w2               uns]

OAGGLS    from:Gl89w7               [a
CAGGL     to  :Gl89w8               mestiers]

OAGGLU    from:Gl91w2               [_li
CAGGL     to  :Gl91w3               uns]

OAGGLS    from:Gl91w4               [a
CAGGL     to  :Gl91w6               autre]

OAGGLS    from:Gl93w5               [de
CAGGL     to  :Gl93w6               mainte]

OAGGLS    from:Gl94w5               [a
CAGGL     to  :Gl94w6               noient]

OAGGLS    from:Gl100w2              [et
CAGGL     to  :Gl100w3              henor]

OAGGLS    from:Gl102w3              [sa
CAGGL     to  :Gl102w4              mort]

OAGGLS    from:Gl103w1              [DE
CAGGL     to  :Gl103w2              ce]

OAGGLS    from:Gl104w1              [A
CAGGL     to  :Gl104w2              mon]

OAGGLU    from:Gl105w2              [_ie
CAGGL     to  :Gl105w4              assez]

OAGGLU    from:Gl107w2              [_ne
CAGGL     to  :Gl107w3              sauez]

OAGGLS    from:Gl108w3              [sa
CAGGL     to  :Gl108w4              mere]

OAGGLS    from:Gl109w4              [ne
CAGGL     to  :Gl109w5              sauez]

OAGGLS    from:Gl110w7              [fu
CAGGL     to  :Gl110w8              nez]

OAGGLS    from:Gl111w7              [en
CAGGL     to  :Gl111w8              memoire]

OAGGLS    from:Gl113w6              [i
CAGGL     to  :Gl113w7              sont]

OAGGLS    from:Gl116w3              [li
CAGGL     to  :Gl116w4              belz]

OAGGLS    from:Gl119w3              [et
CAGGL     to  :Gl119w4              de]


Controllo damage

