
1) &div-proB;(prol1)
&div-proB;(prol1)                       : <div type="prologue" ref="#prol1">
=>  <div type="prologue" ref="#prol1">

2) 
=>  

3) &pb;(1r)
&pb;(1r)                                : <pb n="1r"/>
=>  <pb n="1r"/>

4) &cb-a;
&cb-a;                                  : <cb n="a"/>
=>  <cb n="a"/>

5) &lgB;
&lgB;                                   : <lg>
=>  <lg>

6) &hi-f;(C)el [&qi; a cuer] de vasalage
&hi-f;(C)                               : <hi rend="init-flour">C</hi>
&qi;                                    : <expan corresp="#ab-sus-qi">q<ex>u</ex>i</expan>
=>  <hi rend="init-flour">C</hi>el [<expan corresp="#ab-sus-qi">q<ex>u</ex>i</expan> a cuer] de vasalage

7) Et *ueut amer [_de fin corage],
*u                                      : <c ana="#lram-c">u</c>
,                                       : <pc resp="#ed">,</pc>
=>  Et <c ana="#lram-c">u</c>eut amer [_de fin corage]<pc resp="#ed">,</pc>

8) [Si doit] ho~ir &7; escouter
~i                                      : <c ana="#hiat">i</c>
&7;                                     : <expan corresp="#ab-tir-7"><ex>et</ex></expan>
=>  [Si doit] ho<c ana="#hiat">i</c>r <expan corresp="#ab-tir-7"><ex>et</ex></expan> escouter

9) [Ce que] &pers;(AYM,aymes) *ueut re&9;ter:
&pers;(AYM,aymes)                       : <persName ref="#AYM"><forename><w>aymes</w></forename></persName>
*u                                      : <c ana="#lram-c">u</c>
&9;                                     : <expan corresp="#ab-tir-9"><ex>con</ex></expan>
:                                       : <pc resp="#ed">:</pc>
=>  [Ce que] <persName ref="#AYM"><forename><w>aymes</w></forename></persName> <c ana="#lram-c">u</c>eut re<expan corresp="#ab-tir-9"><ex>con</ex></expan>ter<pc resp="#ed">:</pc>

10) Asez [^j puet] de bien aprandre
^j                                      : <c ana="#lram-v">j</c>
=>  Asez [<c ana="#lram-v">j</c> puet] de bien aprandre

11) [Si de] bon cuer [^j *ueut] entandre.
^j                                      : <c ana="#lram-v">j</c>
*u                                      : <c ana="#lram-c">u</c>
.                                       : <pc resp="#ed">.</pc>
=>  [Si de] bon cuer [<c ana="#lram-v">j</c> <c ana="#lram-c">u</c>eut] entandre<pc resp="#ed">.</pc>

12) Segnor, or hoiez que [*ie di].
,                                       : <pc resp="#ed">,</pc>
*i                                      : <c ana="#lram-c">i</c>
.                                       : <pc resp="#ed">.</pc>
=>  Segnor<pc resp="#ed">,</pc> or hoiez que [<c ana="#lram-c">i</c>e di]<pc resp="#ed">.</pc>

13) &pers;(AYM,Aymes) por amor que ot [en li]
&pers;(AYM,Aymes)                       : <persName ref="#AYM"><forename><w>Aymes</w></forename></persName>
=>  <persName ref="#AYM"><forename><w>Aymes</w></forename></persName> por amor que ot [en li]

14) Fit [_le romanz] tant sagemant
=>  Fit [_le romanz] tant sagemant

15) Que teuz 'l ora qui ne 'l entent
=>  Que teuz 'l ora qui ne 'l entent

16) Porquoi [il fu] &7; faiz &7; diz.
&7;                                     : <expan corresp="#ab-tir-7"><ex>et</ex></expan>
&7;                                     : <expan corresp="#ab-tir-7"><ex>et</ex></expan>
.                                       : <pc resp="#ed">.</pc>
=>  Porquoi [il fu] <expan corresp="#ab-tir-7"><ex>et</ex></expan> faiz <expan corresp="#ab-tir-7"><ex>et</ex></expan> diz<pc resp="#ed">.</pc>

17) Por &pers;(JUL,juliaine) fu escriz.
&pers;(JUL,juliaine)                    : <persName ref="#JUL"><forename><w>juliaine</w></forename></persName>
.                                       : <pc resp="#ed">.</pc>
=>  Por <persName ref="#JUL"><forename><w>juliaine</w></forename></persName> fu escriz<pc resp="#ed">.</pc>

18) Toz *iorz mais en ^jert reme&n;brance.
*i                                      : <c ana="#lram-c">i</c>
^j                                      : <c ana="#lram-v">j</c>
&n;                                     : <expan corresp="#ab-tild-nas"><ex>n</ex></expan>
.                                       : <pc resp="#ed">.</pc>
=>  Toz <c ana="#lram-c">i</c>orz mais en <c ana="#lram-v">j</c>ert reme<expan corresp="#ab-tild-nas"><ex>n</ex></expan>brance<pc resp="#ed">.</pc>

19) [^Jl ne] fu mie faiz [en &pl-reg;(FRA,france])
^J                                      : <c ana="#lram-v">J</c>
&pl-reg;(FRA,france])                   : <placeName type="region" ref="#FRA"><name><w>france]</w></name></placeName>
=>  [<c ana="#lram-v">J</c>l ne] fu mie faiz [en <placeName type="region" ref="#FRA"><name><w>france]</w></name></placeName>

20) [_Mais en la lengue] deuz francois
=>  [_Mais en la lengue] deuz francois

21) [Le fit] &pers;(AYM,aymes) [en &pl-cit;(LIO,leonois]).
&pers;(AYM,aymes)                       : <persName ref="#AYM"><forename><w>aymes</w></forename></persName>
&pl-cit;(LIO,leonois])                  : <placeName type="city" ref="#LIO"><name><w>leonois]</w></name></placeName>
.                                       : <pc resp="#ed">.</pc>
=>  [Le fit] <persName ref="#AYM"><forename><w>aymes</w></forename></persName> [en <placeName type="city" ref="#LIO"><name><w>leonois]</w></name></placeName><pc resp="#ed">.</pc>

22) &pers;(AYM,Aymes) [^j mit] 's entencion.
&pers;(AYM,Aymes)                       : <persName ref="#AYM"><forename><w>Aymes</w></forename></persName>
^j                                      : <c ana="#lram-v">j</c>
.                                       : <pc resp="#ed">.</pc>
=>  <persName ref="#AYM"><forename><w>Aymes</w></forename></persName> [<c ana="#lram-v">j</c> mit] 's entencion<pc resp="#ed">.</pc>

23) [Le romanz] fit [à &pl-cit;(CHA,chastellon])
à                                       : <c ana= "#diacr-desamb">a</c>
&pl-cit;(CHA,chastellon])               : <placeName type="city" ref="#CHA"><name><w>chastellon]</w></name></placeName>
=>  [Le romanz] fit [<c ana= "#diacr-desamb">a</c> <placeName type="city" ref="#CHA"><name><w>chastellon]</w></name></placeName>

24) [De &pers-reg;(FIL,felipon],[de,MAC,macedoine])
&pers-reg;(FIL,felipon],[de,MAC,macedoine]): <persName ref="#FIL"><forename><w>felipon]</w></forename><w>[de</w><placeName type="region" ref="#MAC"><name><w>macedoine]</w></name></placeName></persName>
=>  [De <persName ref="#FIL"><forename><w>felipon]</w></forename><w>[de</w><placeName type="region" ref="#MAC"><name><w>macedoine]</w></name></placeName></persName>

25) [Qui fu noriz] [en &pl-cit;(BAB,babiloine]),
&pl-cit;(BAB,babiloine])                : <placeName type="city" ref="#BAB"><name><w>babiloine]</w></name></placeName>
,                                       : <pc resp="#ed">,</pc>
=>  [Qui fu noriz] [en <placeName type="city" ref="#BAB"><name><w>babiloine]</w></name></placeName><pc resp="#ed">,</pc>

26) [_&7; del fil] [al &rol-pers;(MAT,duc],matequaz)
&7;                                     : <expan corresp="#ab-tir-7"><ex>et</ex></expan>
&rol-pers;(MAT,duc],matequaz)           : <persName ref="#MAT"><roleName><w>duc]</w></roleName><forename><w>matequaz</w></forename></persName>
=>  [_<expan corresp="#ab-tir-7"><ex>et</ex></expan> del fil] [al <persName ref="#MAT"><roleName><w>duc]</w></roleName><forename><w>matequaz</w></forename></persName>

27) Qui estoit sire [de &pl-cit;(DUR,duraz]):
&pl-cit;(DUR,duraz])                    : <placeName type="city" ref="#DUR"><name><w>duraz]</w></name></placeName>
:                                       : <pc resp="#ed">:</pc>
=>  Qui estoit sire [de <placeName type="city" ref="#DUR"><name><w>duraz]</w></name></placeName><pc resp="#ed">:</pc>

28) &pers;(FLO,Florimont) ot no&n; [en fran`cois],
&pers;(FLO,Florimont)                   : <persName ref="#FLO"><forename><w>Florimont</w></forename></persName>
&n;                                     : <expan corresp="#ab-tild-nas"><ex>n</ex></expan>
`c                                      : <c ana="#affr">c</c>
,                                       : <pc resp="#ed">,</pc>
=>  <persName ref="#FLO"><forename><w>Florimont</w></forename></persName> ot no<expan corresp="#ab-tild-nas"><ex>n</ex></expan> [en fran<c ana="#affr">c</c>ois]<pc resp="#ed">,</pc>

29) &pers;(FLO,Eleneos) dist [en grezeois].
&pers;(FLO,Eleneos)                     : <persName ref="#FLO"><forename><w>Eleneos</w></forename></persName>
.                                       : <pc resp="#ed">.</pc>
=>  <persName ref="#FLO"><forename><w>Eleneos</w></forename></persName> dist [en grezeois]<pc resp="#ed">.</pc>

30) Rois fu &7; [si conquist] asez,
&7;                                     : <expan corresp="#ab-tir-7"><ex>et</ex></expan>
,                                       : <pc resp="#ed">,</pc>
=>  Rois fu <expan corresp="#ab-tir-7"><ex>et</ex></expan> [si conquist] asez<pc resp="#ed">,</pc>

31) Dirai *uos en [si me] escutez.
*u                                      : <c ana="#lram-c">u</c>
.                                       : <pc resp="#ed">.</pc>
=>  Dirai <c ana="#lram-c">u</c>os en [si me] escutez<pc resp="#ed">.</pc>

32) &lgE;
&lgE;                                   : </lg>
=>  </lg>

33) 
=>  

34) &lgB;
&lgB;                                   : <lg>
=>  <lg>

35) &hi-f;(S)or asel&sub-tr-sup;(q,g)ue [à &pl-cit;(CHA,chastellon])
&hi-f;(S)                               : <hi rend="init-flour">S</hi>
&sub-tr-sup;(q,g)                       : <subst><del rend="transf">q</del><add place="sup">g</add></subst>
à                                       : <c ana= "#diacr-desamb">a</c>
&pl-cit;(CHA,chastellon])               : <placeName type="city" ref="#CHA"><name><w>chastellon]</w></name></placeName>
=>  <hi rend="init-flour">S</hi>or asel<subst><del rend="transf">q</del><add place="sup">g</add></subst>ue [<c ana= "#diacr-desamb">a</c> <placeName type="city" ref="#CHA"><name><w>chastellon]</w></name></placeName>

36) Estoit &pers;(AYM,aymes) une saison
&pers;(AYM,aymes)                       : <persName ref="#AYM"><forename><w>aymes</w></forename></persName>
=>  Estoit <persName ref="#AYM"><forename><w>aymes</w></forename></persName> une saison

37) &7b; porpensa soi [de 'l estoire]
&7b;                                    : <expan corresp="#ab-tir-7barr"><ex>et</ex></expan>
=>  <expan corresp="#ab-tir-7barr"><ex>et</ex></expan> porpensa soi [de 'l estoire]

38) &Que; il a*uoit [en sa memoire].
&Que;                                   : <expan corresp="#ab-tild-Q">Q<ex>ue</ex></expan>
*u                                      : <c ana="#lram-c">u</c>
.                                       : <pc resp="#ed">.</pc>
=>  <expan corresp="#ab-tild-Q">Q<ex>ue</ex></expan> il a<c ana="#lram-c">u</c>oit [en sa memoire]<pc resp="#ed">.</pc>

39) ^Jl 'l a*uoit [en &pl-reg;(GRE,greze]) *ue~ue
^J                                      : <c ana="#lram-v">J</c>
*u                                      : <c ana="#lram-c">u</c>
&pl-reg;(GRE,greze])                    : <placeName type="region" ref="#GRE"><name><w>greze]</w></name></placeName>
*u                                      : <c ana="#lram-c">u</c>
~u                                      : <c ana="#hiat">u</c>
=>  <c ana="#lram-v">J</c>l 'l a<c ana="#lram-c">u</c>oit [en <placeName type="region" ref="#GRE"><name><w>greze]</w></name></placeName> <c ana="#lram-c">u</c>e<c ana="#hiat">u</c>e

40) Mais 'n estoit pas [&par; tot] sa~ue;
&par;                                   : <expan corresp="#ab-lm-pbarr-d">p<ex>ar</ex></expan>
~u                                      : <c ana="#hiat">u</c>
;                                       : <pc resp="#ed">;</pc>
=>  Mais 'n estoit pas [<expan corresp="#ab-lm-pbarr-d">p<ex>ar</ex></expan> tot] sa<c ana="#hiat">u</c>e<pc resp="#ed">;</pc>

41) [À &pl-cit;(FIP,felipople]) [la tro*ua],
À                                       : <c ana="#diacr-desamb">A</c>
&pl-cit;(FIP,felipople])                : <placeName type="city" ref="#FIP"><name><w>felipople]</w></name></placeName>
*u                                      : <c ana="#lram-c">u</c>
,                                       : <pc resp="#ed">,</pc>
=>  [<c ana="#diacr-desamb">A</c> <placeName type="city" ref="#FIP"><name><w>felipople]</w></name></placeName> [la tro<c ana="#lram-c">u</c>a]<pc resp="#ed">,</pc>

42) [À &pl-cit;(CHA,chastellon]) 'l en aporta;
À                                       : <c ana="#diacr-desamb">A</c>
&pl-cit;(CHA,chastellon])               : <placeName type="city" ref="#CHA"><name><w>chastellon]</w></name></placeName>
;                                       : <pc resp="#ed">;</pc>
=>  [<c ana="#diacr-desamb">A</c> <placeName type="city" ref="#CHA"><name><w>chastellon]</w></name></placeName> 'l en aporta<pc resp="#ed">;</pc>

43) Ainsi [co&m; il] 'l a*uoit en&pi;se
&m;                                     : <expan corresp="#ab-tild-nas"><ex>m</ex></expan>
*u                                      : <c ana="#lram-c">u</c>
&pi;                                    : <expan corresp="#ab-sus-pi">p<ex>r</ex>i</expan>
=>  Ainsi [co<expan corresp="#ab-tild-nas"><ex>m</ex></expan> il] 'l a<c ana="#lram-c">u</c>oit en<expan corresp="#ab-sus-pi">p<ex>r</ex>i</expan>se

44) 'L a [de latin] [en romanz] mise.
.                                       : <pc resp="#ed">.</pc>
=>  'L a [de latin] [en romanz] mise<pc resp="#ed">.</pc>

45) &pers-cit;(AYM,Aymes,[de,VAR,*uarenes]) retrait
&pers-cit;(AYM,Aymes,[de,VAR,*uarenes]) : <persName ref="#AYM"><forename><w>Aymes</w></forename><w>[de</w><placeName type="city" ref="#VAR"><name><w>*uarenes]</w></name></placeName></persName>
=>  <persName ref="#AYM"><forename><w>Aymes</w></forename><w>[de</w><placeName type="city" ref="#VAR"><name><w>*uarenes]</w></name></placeName></persName> retrait
45] <persName ref="#AYM"><forename><w>Aymes</w></forename><w>[de</w><placeName type="city" ref="#VAR"><name><w>*uarenes]</w></name></placeName></persName> retrait
*u                                      : <c ana="#lram-c">u</c>
->  <persName ref="#AYM"><forename><w>Aymes</w></forename><w>[de</w><placeName type="city" ref="#VAR"><name><w><c ana="#lram-c">u</c>arenes]</w></name></placeName></persName> retrait

46) Des anc~ieins ce 'qu il ont fait.
~i                                      : <c ana="#hiat">i</c>
.                                       : <pc resp="#ed">.</pc>
=>  Des anc<c ana="#hiat">i</c>eins ce 'qu il ont fait<pc resp="#ed">.</pc>

47) &cb-b;
&cb-b;                                  : <cb n="b"/>
=>  <cb n="b"/>

48) [Le fait] conte des anc~ieins
~i                                      : <c ana="#hiat">i</c>
=>  [Le fait] conte des anc<c ana="#hiat">i</c>eins

49) [&Que; tuit] cil qui ont les cuers vai&n;s
&Que;                                   : <expan corresp="#ab-tild-Q">Q<ex>ue</ex></expan>
&n;                                     : <expan corresp="#ab-tild-nas"><ex>n</ex></expan>
=>  [<expan corresp="#ab-tild-Q">Q<ex>ue</ex></expan> tuit] cil qui ont les cuers vai<expan corresp="#ab-tild-nas"><ex>n</ex></expan>s

50) Aient [de lor] pro~ece en*uie
~e                                      : <c ana="#hiat">e</c>
*u                                      : <c ana="#lram-c">u</c>
=>  Aient [de lor] pro<c ana="#hiat">e</c>ce en<c ana="#lram-c">u</c>ie

51) Por eme&n;der [_lor fause] *uie.
&n;                                     : <expan corresp="#ab-tild-nas"><ex>n</ex></expan>
*u                                      : <c ana="#lram-c">u</c>
.                                       : <pc resp="#ed">.</pc>
=>  Por eme<expan corresp="#ab-tild-nas"><ex>n</ex></expan>der [_lor fause] <c ana="#lram-c">u</c>ie<pc resp="#ed">.</pc>

52) &lgE;
&lgE;                                   : </lg>
=>  </lg>

53) 
=>  

54) &lgB;
&lgB;                                   : <lg>
=>  <lg>

55) &hi-f;(P)or les anc~ieins reme&n;brer
&hi-f;(P)                               : <hi rend="init-flour">P</hi>
~i                                      : <c ana="#hiat">i</c>
&n;                                     : <expan corresp="#ab-tild-nas"><ex>n</ex></expan>
=>  <hi rend="init-flour">P</hi>or les anc<c ana="#hiat">i</c>eins reme<expan corresp="#ab-tild-nas"><ex>n</ex></expan>brer

56) [_Vos *ueil dire] &7; reco&n;ter
*u                                      : <c ana="#lram-c">u</c>
&7;                                     : <expan corresp="#ab-tir-7"><ex>et</ex></expan>
&n;                                     : <expan corresp="#ab-tild-nas"><ex>n</ex></expan>
=>  [_Vos <c ana="#lram-c">u</c>eil dire] <expan corresp="#ab-tir-7"><ex>et</ex></expan> reco<expan corresp="#ab-tild-nas"><ex>n</ex></expan>ter

57) [Si con] '*i ai [en escrit] tro*ué
*i                                      : <c ana="#lram-c">i</c>
*u                                      : <c ana="#lram-c">u</c>
é                                       : <c ana="#e-ton">e</c>
=>  [Si con] '<c ana="#lram-c">i</c> ai [en escrit] tro<c ana="#lram-c">u</c><c ana="#e-ton">e</c>

58) 'D une estoire [la *uerité].
*u                                      : <c ana="#lram-c">u</c>
é                                       : <c ana="#e-ton">e</c>
.                                       : <pc resp="#ed">.</pc>
=>  'D une estoire [la <c ana="#lram-c">u</c>erit<c ana="#e-ton">e</c>]<pc resp="#ed">.</pc>

59) À ceuz [qui firo&n;t] les bo&n;s &corr;(faz,faiz)
À                                       : <c ana="#diacr-desamb">A</c>
&n;                                     : <expan corresp="#ab-tild-nas"><ex>n</ex></expan>
&n;                                     : <expan corresp="#ab-tild-nas"><ex>n</ex></expan>
&corr;(faz,faiz)                        : <choice><sic>faz</sic><corr>faiz</corr></choice>
=>  <c ana="#diacr-desamb">A</c> ceuz [qui firo<expan corresp="#ab-tild-nas"><ex>n</ex></expan>t] les bo<expan corresp="#ab-tild-nas"><ex>n</ex></expan>s <choice><sic>faz</sic><corr>faiz</corr></choice>

60) [_Porcoi li conte] sont retraiz
=>  [_Porcoi li conte] sont retraiz

61) [_De*uomes nos toz] *iorz a&n;ta&n;dre,
*u                                      : <c ana="#lram-c">u</c>
*i                                      : <c ana="#lram-c">i</c>
&n;                                     : <expan corresp="#ab-tild-nas"><ex>n</ex></expan>
&n;                                     : <expan corresp="#ab-tild-nas"><ex>n</ex></expan>
,                                       : <pc resp="#ed">,</pc>
=>  [_De<c ana="#lram-c">u</c>omes nos toz] <c ana="#lram-c">i</c>orz a<expan corresp="#ab-tild-nas"><ex>n</ex></expan>ta<expan corresp="#ab-tild-nas"><ex>n</ex></expan>dre<pc resp="#ed">,</pc>

62) Quar adés [^j puet] on apra&n;dre
é                                       : <c ana="#e-ton">e</c>
^j                                      : <c ana="#lram-v">j</c>
&n;                                     : <expan corresp="#ab-tild-nas"><ex>n</ex></expan>
=>  Quar ad<c ana="#e-ton">e</c>s [<c ana="#lram-v">j</c> puet] on apra<expan corresp="#ab-tild-nas"><ex>n</ex></expan>dre

63) [&Que; cil] mantenoient honor,
&Que;                                   : <expan corresp="#ab-tild-Q">Q<ex>ue</ex></expan>
,                                       : <pc resp="#ed">,</pc>
=>  [<expan corresp="#ab-tild-Q">Q<ex>ue</ex></expan> cil] mantenoient honor<pc resp="#ed">,</pc>

64) Pro~ece &7; foi &7; amor.
~e                                      : <c ana="#hiat">e</c>
&7;                                     : <expan corresp="#ab-tir-7"><ex>et</ex></expan>
&7;                                     : <expan corresp="#ab-tir-7"><ex>et</ex></expan>
.                                       : <pc resp="#ed">.</pc>
=>  Pro<c ana="#hiat">e</c>ce <expan corresp="#ab-tir-7"><ex>et</ex></expan> foi <expan corresp="#ab-tir-7"><ex>et</ex></expan> amor<pc resp="#ed">.</pc>

65) A cel tens estoit amors *ui*ue
*u                                      : <c ana="#lram-c">u</c>
*u                                      : <c ana="#lram-c">u</c>
=>  A cel tens estoit amors <c ana="#lram-c">u</c>i<c ana="#lram-c">u</c>e

66) [_Qui or est] morte &7; chaiti*ue;
&7;                                     : <expan corresp="#ab-tir-7"><ex>et</ex></expan>
*u                                      : <c ana="#lram-c">u</c>
;                                       : <pc resp="#ed">;</pc>
=>  [_Qui or est] morte <expan corresp="#ab-tir-7"><ex>et</ex></expan> chaiti<c ana="#lram-c">u</c>e<pc resp="#ed">;</pc>

67) [De *ioie] fu dame &7; ro~ine,
*i                                      : <c ana="#lram-c">i</c>
&7;                                     : <expan corresp="#ab-tir-7"><ex>et</ex></expan>
~i                                      : <c ana="#hiat">i</c>
,                                       : <pc resp="#ed">,</pc>
=>  [De <c ana="#lram-c">i</c>oie] fu dame <expan corresp="#ab-tir-7"><ex>et</ex></expan> ro<c ana="#hiat">i</c>ne<pc resp="#ed">,</pc>

68) [_Or est] a*uare &7; frarine;
*u                                      : <c ana="#lram-c">u</c>
&7;                                     : <expan corresp="#ab-tir-7"><ex>et</ex></expan>
;                                       : <pc resp="#ed">;</pc>
=>  [_Or est] a<c ana="#lram-c">u</c>are <expan corresp="#ab-tir-7"><ex>et</ex></expan> frarine<pc resp="#ed">;</pc>

69) [_No&n; a*uoit] pas °en&space-d;jan [ne *uice],
&n;                                     : <expan corresp="#ab-tild-nas"><ex>n</ex></expan>
*u                                      : <c ana="#lram-c">u</c>
&space-d;                               : <space type="#degl"/>
*u                                      : <c ana="#lram-c">u</c>
,                                       : <pc resp="#ed">,</pc>
=>  [_No<expan corresp="#ab-tild-nas"><ex>n</ex></expan> a<c ana="#lram-c">u</c>oit] pas °en<space type="#degl"/>jan [ne <c ana="#lram-c">u</c>ice]<pc resp="#ed">,</pc>

70) Mais or [se muert] por a*uarice.
*u                                      : <c ana="#lram-c">u</c>
.                                       : <pc resp="#ed">.</pc>
=>  Mais or [se muert] por a<c ana="#lram-c">u</c>arice<pc resp="#ed">.</pc>

71) [Or ne *ueut] pas amors noblece,
*u                                      : <c ana="#lram-c">u</c>
,                                       : <pc resp="#ed">,</pc>
=>  [Or ne <c ana="#lram-c">u</c>eut] pas amors noblece<pc resp="#ed">,</pc>

72) Mais celui *ueut qui a richece,
*u                                      : <c ana="#lram-c">u</c>
,                                       : <pc resp="#ed">,</pc>
=>  Mais celui <c ana="#lram-c">u</c>eut qui a richece<pc resp="#ed">,</pc>

73) [Ou soit] ge&n;tiuz [ou soit] *uilains;
&n;                                     : <expan corresp="#ab-tild-nas"><ex>n</ex></expan>
*u                                      : <c ana="#lram-c">u</c>
;                                       : <pc resp="#ed">;</pc>
=>  [Ou soit] ge<expan corresp="#ab-tild-nas"><ex>n</ex></expan>tiuz [ou soit] <c ana="#lram-c">u</c>ilains<pc resp="#ed">;</pc>

74) Amors tent [&par; toz] leus [se mains].
&par;                                   : <expan corresp="#ab-lm-pbarr-d">p<ex>ar</ex></expan>
.                                       : <pc resp="#ed">.</pc>
=>  Amors tent [<expan corresp="#ab-lm-pbarr-d">p<ex>ar</ex></expan> toz] leus [se mains]<pc resp="#ed">.</pc>

75) 'S [il est] *uilains cul*uerz &pro;*uéz,
*u                                      : <c ana="#lram-c">u</c>
*u                                      : <c ana="#lram-c">u</c>
&pro;                                   : <expan corresp="#ab-lm-pbarr-c">p<ex>ro</ex></expan>
*u                                      : <c ana="#lram-c">u</c>
é                                       : <c ana="#e-ton">e</c>
,                                       : <pc resp="#ed">,</pc>
=>  'S [il est] <c ana="#lram-c">u</c>ilains cul<c ana="#lram-c">u</c>erz <expan corresp="#ab-lm-pbarr-c">p<ex>ro</ex></expan><c ana="#lram-c">u</c><c ana="#e-ton">e</c>z<pc resp="#ed">,</pc>

76) [Sol que] il ait 'd a*uoir asez
*u                                      : <c ana="#lram-c">u</c>
=>  [Sol que] il ait 'd a<c ana="#lram-c">u</c>oir asez

77) Bien ert ser*uiz &7; rece~uz.
*u                                      : <c ana="#lram-c">u</c>
&7;                                     : <expan corresp="#ab-tir-7"><ex>et</ex></expan>
~u                                      : <c ana="#hiat">u</c>
.                                       : <pc resp="#ed">.</pc>
=>  Bien ert ser<c ana="#lram-c">u</c>iz <expan corresp="#ab-tir-7"><ex>et</ex></expan> rece<c ana="#hiat">u</c>z<pc resp="#ed">.</pc>

78) Mais il 'n est mout de dece~uz
~u                                      : <c ana="#hiat">u</c>
=>  Mais il 'n est mout de dece<c ana="#hiat">u</c>z

79) [_Quar il ne set] [ne il] ne *uoit
*u                                      : <c ana="#lram-c">u</c>
=>  [_Quar il ne set] [ne il] ne <c ana="#lram-c">u</c>oit

80) Come&n;t [li a*uoirs] [le de`coit]:
&n;                                     : <expan corresp="#ab-tild-nas"><ex>n</ex></expan>
*u                                      : <c ana="#lram-c">u</c>
`c                                      : <c ana="#affr">c</c>
:                                       : <pc resp="#ed">:</pc>
=>  Come<expan corresp="#ab-tild-nas"><ex>n</ex></expan>t [li a<c ana="#lram-c">u</c>oirs] [le de<c ana="#affr">c</c>oit]<pc resp="#ed">:</pc>

81) Qua&n;t [lo &9;&qi;ert] 'n [_a *ioie] *uaine
&n;                                     : <expan corresp="#ab-tild-nas"><ex>n</ex></expan>
&9;                                     : <expan corresp="#ab-tir-9"><ex>con</ex></expan>
&qi;                                    : <expan corresp="#ab-sus-qi">q<ex>u</ex>i</expan>
*i                                      : <c ana="#lram-c">i</c>
*u                                      : <c ana="#lram-c">u</c>
=>  Qua<expan corresp="#ab-tild-nas"><ex>n</ex></expan>t [lo <expan corresp="#ab-tir-9"><ex>con</ex></expan><expan corresp="#ab-sus-qi">q<ex>u</ex>i</expan>ert] 'n [_a <c ana="#lram-c">i</c>oie] <c ana="#lram-c">u</c>aine

82) &7; qua&n;t [lo pert] dolor certaine;
&7;                                     : <expan corresp="#ab-tir-7"><ex>et</ex></expan>
&n;                                     : <expan corresp="#ab-tild-nas"><ex>n</ex></expan>
;                                       : <pc resp="#ed">;</pc>
=>  <expan corresp="#ab-tir-7"><ex>et</ex></expan> qua<expan corresp="#ab-tild-nas"><ex>n</ex></expan>t [lo pert] dolor certaine<pc resp="#ed">;</pc>

83) [Ne \l puet] [pas garder] &corr;(logema&n;t,longement)
&corr;(logema&n;t,longement)            : <choice><sic>logema&n;t</sic><corr>longement</corr></choice>
=>  [Ne \l puet] [pas garder] <choice><sic>logema&n;t</sic><corr>longement</corr></choice>
83] [Ne \l puet] [pas garder] <choice><sic>logema&n;t</sic><corr>longement</corr></choice>
&n;                                     : <expan corresp="#ab-tild-nas"><ex>n</ex></expan>
->  [Ne \l puet] [pas garder] <choice><sic>logema<expan corresp="#ab-tild-nas"><ex>n</ex></expan>t</sic><corr>longement</corr></choice>

84) [&Que; ne \l &per;de] 's il ne \l despant.
&Que;                                   : <expan corresp="#ab-tild-Q">Q<ex>ue</ex></expan>
&per;                                   : <expan corresp="#ab-lm-pbarr-d">p<ex>er</ex></expan>
.                                       : <pc resp="#ed">.</pc>
=>  [<expan corresp="#ab-tild-Q">Q<ex>ue</ex></expan> ne \l <expan corresp="#ab-lm-pbarr-d">p<ex>er</ex></expan>de] 's il ne \l despant<pc resp="#ed">.</pc>

85) A*uoirs est &per;duz [maintes parz]:
*u                                      : <c ana="#lram-c">u</c>
&per;                                   : <expan corresp="#ab-lm-pbarr-d">p<ex>er</ex></expan>
:                                       : <pc resp="#ed">:</pc>
=>  A<c ana="#lram-c">u</c>oirs est <expan corresp="#ab-lm-pbarr-d">p<ex>er</ex></expan>duz [maintes parz]<pc resp="#ed">:</pc>

86) A*uairs ho&n; 'n ert *ia senz reguart,
*u                                      : <c ana="#lram-c">u</c>
&n;                                     : <expan corresp="#ab-tild-nas"><ex>n</ex></expan>
*i                                      : <c ana="#lram-c">i</c>
,                                       : <pc resp="#ed">,</pc>
=>  A<c ana="#lram-c">u</c>airs ho<expan corresp="#ab-tild-nas"><ex>n</ex></expan> 'n ert <c ana="#lram-c">i</c>a senz reguart<pc resp="#ed">,</pc>

87) 'Qu il pert [en terre] [&7; &per;t] [en mer];
&7;                                     : <expan corresp="#ab-tir-7"><ex>et</ex></expan>
&per;                                   : <expan corresp="#ab-lm-pbarr-d">p<ex>er</ex></expan>
;                                       : <pc resp="#ed">;</pc>
=>  'Qu il pert [en terre] [<expan corresp="#ab-tir-7"><ex>et</ex></expan> <expan corresp="#ab-lm-pbarr-d">p<ex>er</ex></expan>t] [en mer]<pc resp="#ed">;</pc>

88) Por robeors &7; por enbler,
&7;                                     : <expan corresp="#ab-tir-7"><ex>et</ex></expan>
,                                       : <pc resp="#ed">,</pc>
=>  Por robeors <expan corresp="#ab-tir-7"><ex>et</ex></expan> por enbler<pc resp="#ed">,</pc>

89) &pb;(1v)
&pb;(1v)                                : <pb n="1v"/>
=>  <pb n="1v"/>

90) &cb-a;
&cb-a;                                  : <cb n="a"/>
=>  <cb n="a"/>

91) [&Por; mal] segnor pert [&7; &por; guera];
&Por;                                   : <expan corresp="#ab-lm-pbarr-d">P<ex>or</ex></expan>
&7;                                     : <expan corresp="#ab-tir-7"><ex>et</ex></expan>
&por;                                   : <expan corresp="#ab-lm-pbarr-d">p<ex>or</ex></expan>
;                                       : <pc resp="#ed">;</pc>
=>  [<expan corresp="#ab-lm-pbarr-d">P<ex>or</ex></expan> mal] segnor pert [<expan corresp="#ab-tir-7"><ex>et</ex></expan> <expan corresp="#ab-lm-pbarr-d">p<ex>or</ex></expan> guera]<pc resp="#ed">;</pc>

92) Qua&n;t muert pert 'l a*uoir &7; [la t&er;ra],
&n;                                     : <expan corresp="#ab-tild-nas"><ex>n</ex></expan>
*u                                      : <c ana="#lram-c">u</c>
&7;                                     : <expan corresp="#ab-tir-7"><ex>et</ex></expan>
&er;                                    : <expan corresp="#ab-tild-ang-hor"><ex>er</ex></expan>
,                                       : <pc resp="#ed">,</pc>
=>  Qua<expan corresp="#ab-tild-nas"><ex>n</ex></expan>t muert pert 'l a<c ana="#lram-c">u</c>oir <expan corresp="#ab-tir-7"><ex>et</ex></expan> [la t<expan corresp="#ab-tild-ang-hor"><ex>er</ex></expan>ra]<pc resp="#ed">,</pc>

93) Lors lait [_il treitot] [&7; grepit]
&7;                                     : <expan corresp="#ab-tir-7"><ex>et</ex></expan>
=>  Lors lait [_il treitot] [<expan corresp="#ab-tir-7"><ex>et</ex></expan> grepit]

94) Teuz le despe&n;t &qi; ne \l &9;quist.
&n;                                     : <expan corresp="#ab-tild-nas"><ex>n</ex></expan>
&qi;                                    : <expan corresp="#ab-sus-qi">q<ex>u</ex>i</expan>
&9;                                     : <expan corresp="#ab-tir-9"><ex>con</ex></expan>
.                                       : <pc resp="#ed">.</pc>
=>  Teuz le despe<expan corresp="#ab-tild-nas"><ex>n</ex></expan>t <expan corresp="#ab-sus-qi">q<ex>u</ex>i</expan> ne \l <expan corresp="#ab-tir-9"><ex>con</ex></expan>quist<pc resp="#ed">.</pc>

95) Ne \l di pas porce que doner
=>  Ne \l di pas porce que doner

96) [Ne puet] on pas senz &9;&que;ster:
&9;                                     : <expan corresp="#ab-tir-9"><ex>con</ex></expan>
&que;                                   : <expan corresp="#ab-tild-q">q<ex>ue</ex></expan>
:                                       : <pc resp="#ed">:</pc>
=>  [Ne puet] on pas senz <expan corresp="#ab-tir-9"><ex>con</ex></expan><expan corresp="#ab-tild-q">q<ex>ue</ex></expan>ster<pc resp="#ed">:</pc>

97) &Qi; &mlt; despe&n;t [&7; poi] amase
&Qi;                                    : <expan corresp="#ab-sus-qi">Q<ex>u</ex>i</expan>
&mlt;                                   : <expan corresp="#ab-ctr-mlt">m<ex>u</ex>lt</expan>
&n;                                     : <expan corresp="#ab-tild-nas"><ex>n</ex></expan>
&7;                                     : <expan corresp="#ab-tir-7"><ex>et</ex></expan>
=>  <expan corresp="#ab-sus-qi">Q<ex>u</ex>i</expan> <expan corresp="#ab-ctr-mlt">m<ex>u</ex>lt</expan> despe<expan corresp="#ab-tild-nas"><ex>n</ex></expan>t [<expan corresp="#ab-tir-7"><ex>et</ex></expan> poi] amase

98) Tot pert [son &pi;s] lai ont [il laise];
&pi;                                    : <expan corresp="#ab-sus-pi">p<ex>r</ex>i</expan>
;                                       : <pc resp="#ed">;</pc>
=>  Tot pert [son <expan corresp="#ab-sus-pi">p<ex>r</ex>i</expan>s] lai ont [il laise]<pc resp="#ed">;</pc>

99) &7; [&qi; con&qi;ert] &7; no despent
&7;                                     : <expan corresp="#ab-tir-7"><ex>et</ex></expan>
&qi;                                    : <expan corresp="#ab-sus-qi">q<ex>u</ex>i</expan>
&qi;                                    : <expan corresp="#ab-sus-qi">q<ex>u</ex>i</expan>
&7;                                     : <expan corresp="#ab-tir-7"><ex>et</ex></expan>
=>  <expan corresp="#ab-tir-7"><ex>et</ex></expan> [<expan corresp="#ab-sus-qi">q<ex>u</ex>i</expan> con<expan corresp="#ab-sus-qi">q<ex>u</ex>i</expan>ert] <expan corresp="#ab-tir-7"><ex>et</ex></expan> no despent

100) ^Jl est a~iz [de mai&n;te] *iant.
^J                                      : <c ana="#lram-v">J</c>
~i                                      : <c ana="#hiat">i</c>
&n;                                     : <expan corresp="#ab-tild-nas"><ex>n</ex></expan>
*i                                      : <c ana="#lram-c">i</c>
.                                       : <pc resp="#ed">.</pc>
=>  <c ana="#lram-v">J</c>l est a<c ana="#hiat">i</c>z [de mai<expan corresp="#ab-tild-nas"><ex>n</ex></expan>te] <c ana="#lram-c">i</c>ant<pc resp="#ed">.</pc>

101) [Li uns] senz 'l autre 'n a mestier
=>  [Li uns] senz 'l autre 'n a mestier

102) Quar [li u&n;s] doit al autre aidier.
&n;                                     : <expan corresp="#ab-tild-nas"><ex>n</ex></expan>
.                                       : <pc resp="#ed">.</pc>
=>  Quar [li u<expan corresp="#ab-tild-nas"><ex>n</ex></expan>s] doit al autre aidier<pc resp="#ed">.</pc>

103) Poi *uaut &9;quere senz doner,
*u                                      : <c ana="#lram-c">u</c>
&9;                                     : <expan corresp="#ab-tir-9"><ex>con</ex></expan>
,                                       : <pc resp="#ed">,</pc>
=>  Poi <c ana="#lram-c">u</c>aut <expan corresp="#ab-tir-9"><ex>con</ex></expan>quere senz doner<pc resp="#ed">,</pc>

104) &7; [_qui despe&n;t] senz conquester,
&7;                                     : <expan corresp="#ab-tir-7"><ex>et</ex></expan>
&n;                                     : <expan corresp="#ab-tild-nas"><ex>n</ex></expan>
,                                       : <pc resp="#ed">,</pc>
=>  <expan corresp="#ab-tir-7"><ex>et</ex></expan> [_qui despe<expan corresp="#ab-tild-nas"><ex>n</ex></expan>t] senz conquester<pc resp="#ed">,</pc>

105) [Hon 'l a *ue~u] [de mainte] *iant
*u                                      : <c ana="#lram-c">u</c>
~u                                      : <c ana="#hiat">u</c>
*i                                      : <c ana="#lram-c">i</c>
=>  [Hon 'l a <c ana="#lram-c">u</c>e<c ana="#hiat">u</c>] [de mainte] <c ana="#lram-c">i</c>ant

106) Qui 'd auques *uiene&n;t [à noient].
*u                                      : <c ana="#lram-c">u</c>
&n;                                     : <expan corresp="#ab-tild-nas"><ex>n</ex></expan>
à                                       : <c ana= "#diacr-desamb">a</c>
.                                       : <pc resp="#ed">.</pc>
=>  Qui 'd auques <c ana="#lram-c">u</c>iene<expan corresp="#ab-tild-nas"><ex>n</ex></expan>t [<c ana= "#diacr-desamb">a</c> noient]<pc resp="#ed">.</pc>

107) [Bo&n;s &pi;nces] doit toz *iorz despa&n;dre
&n;                                     : <expan corresp="#ab-tild-nas"><ex>n</ex></expan>
&pi;                                    : <expan corresp="#ab-sus-pi">p<ex>r</ex>i</expan>
*i                                      : <c ana="#lram-c">i</c>
&n;                                     : <expan corresp="#ab-tild-nas"><ex>n</ex></expan>
=>  [Bo<expan corresp="#ab-tild-nas"><ex>n</ex></expan>s <expan corresp="#ab-sus-pi">p<ex>r</ex>i</expan>nces] doit toz <c ana="#lram-c">i</c>orz despa<expan corresp="#ab-tild-nas"><ex>n</ex></expan>dre

108) &7; co&n;quester, doner &7; prandre,
&7;                                     : <expan corresp="#ab-tir-7"><ex>et</ex></expan>
&n;                                     : <expan corresp="#ab-tild-nas"><ex>n</ex></expan>
,                                       : <pc resp="#ed">,</pc>
&7;                                     : <expan corresp="#ab-tir-7"><ex>et</ex></expan>
,                                       : <pc resp="#ed">,</pc>
=>  <expan corresp="#ab-tir-7"><ex>et</ex></expan> co<expan corresp="#ab-tild-nas"><ex>n</ex></expan>quester<pc resp="#ed">,</pc> doner <expan corresp="#ab-tir-7"><ex>et</ex></expan> prandre<pc resp="#ed">,</pc>

109) Quar largece est mere 'd amor
=>  Quar largece est mere 'd amor

110) &7; [de prohece] &7; [de honor].
&7;                                     : <expan corresp="#ab-tir-7"><ex>et</ex></expan>
&7;                                     : <expan corresp="#ab-tir-7"><ex>et</ex></expan>
.                                       : <pc resp="#ed">.</pc>
=>  <expan corresp="#ab-tir-7"><ex>et</ex></expan> [de prohece] <expan corresp="#ab-tir-7"><ex>et</ex></expan> [de honor]<pc resp="#ed">.</pc>

111) [Ainsi puet] [del segle] joir,
,                                       : <pc resp="#ed">,</pc>
=>  [Ainsi puet] [del segle] joir<pc resp="#ed">,</pc>

112) Amor [&7; henor] maintenir
&7;                                     : <expan corresp="#ab-tir-7"><ex>et</ex></expan>
=>  Amor [<expan corresp="#ab-tir-7"><ex>et</ex></expan> henor] maintenir

113) Do&n;t [il ert] delsegle loéz
&n;                                     : <expan corresp="#ab-tild-nas"><ex>n</ex></expan>
é                                       : <c ana="#e-ton">e</c>
=>  Do<expan corresp="#ab-tild-nas"><ex>n</ex></expan>t [il ert] delsegle lo<c ana="#e-ton">e</c>z

114) &7; apré&sub-tr-sup;(?,s) [sa mort] reme&n;bréz.
&7;                                     : <expan corresp="#ab-tir-7"><ex>et</ex></expan>
é                                       : <c ana="#e-ton">e</c>
&sub-tr-sup;(?,s)                       : <subst><del rend="transf">?</del><add place="sup">s</add></subst>
&n;                                     : <expan corresp="#ab-tild-nas"><ex>n</ex></expan>
é                                       : <c ana="#e-ton">e</c>
.                                       : <pc resp="#ed">.</pc>
=>  <expan corresp="#ab-tir-7"><ex>et</ex></expan> apr<c ana="#e-ton">e</c><subst><del rend="transf">?</del><add place="sup">s</add></subst> [sa mort] reme<expan corresp="#ab-tild-nas"><ex>n</ex></expan>br<c ana="#e-ton">e</c>z<pc resp="#ed">.</pc>

115) [De ce] me doi ata&n;t laisier,
&n;                                     : <expan corresp="#ab-tild-nas"><ex>n</ex></expan>
,                                       : <pc resp="#ed">,</pc>
=>  [De ce] me doi ata<expan corresp="#ab-tild-nas"><ex>n</ex></expan>t laisier<pc resp="#ed">,</pc>

116) [À mo&n;] co&n;te doi repairier.
À                                       : <c ana="#diacr-desamb">A</c>
&n;                                     : <expan corresp="#ab-tild-nas"><ex>n</ex></expan>
&n;                                     : <expan corresp="#ab-tild-nas"><ex>n</ex></expan>
.                                       : <pc resp="#ed">.</pc>
=>  [<c ana="#diacr-desamb">A</c> mo<expan corresp="#ab-tild-nas"><ex>n</ex></expan>] co<expan corresp="#ab-tild-nas"><ex>n</ex></expan>te doi repairier<pc resp="#ed">.</pc>

117) &lgE;
&lgE;                                   : </lg>
=>  </lg>

118) 
=>  

119) &lgB;
&lgB;                                   : <lg>
=>  <lg>

120) &hi-f;(S)egnor, [*ie \l sai] assez [de fi]
&hi-f;(S)                               : <hi rend="init-flour">S</hi>
,                                       : <pc resp="#ed">,</pc>
*i                                      : <c ana="#lram-c">i</c>
=>  <hi rend="init-flour">S</hi>egnor<pc resp="#ed">,</pc> [<c ana="#lram-c">i</c>e \l sai] assez [de fi]

121) [&Que; 'd &pers;(ALE,alixa&n;dre]) a*uez ho~i,
&Que;                                   : <expan corresp="#ab-tild-Q">Q<ex>ue</ex></expan>
&pers;(ALE,alixa&n;dre])                : <persName ref="#ALE"><forename><w>alixa&n;dre]</w></forename></persName>
*u                                      : <c ana="#lram-c">u</c>
~i                                      : <c ana="#hiat">i</c>
,                                       : <pc resp="#ed">,</pc>
=>  [<expan corresp="#ab-tild-Q">Q<ex>ue</ex></expan> 'd <persName ref="#ALE"><forename><w>alixa&n;dre]</w></forename></persName> a<c ana="#lram-c">u</c>ez ho<c ana="#hiat">i</c><pc resp="#ed">,</pc>
121] [<expan corresp="#ab-tild-Q">Q<ex>ue</ex></expan> 'd <persName ref="#ALE"><forename><w>alixa&n;dre]</w></forename></persName> a<c ana="#lram-c">u</c>ez ho<c ana="#hiat">i</c><pc resp="#ed">,</pc>
&n;                                     : <expan corresp="#ab-tild-nas"><ex>n</ex></expan>
->  [<expan corresp="#ab-tild-Q">Q<ex>ue</ex></expan> 'd <persName ref="#ALE"><forename><w>alixa<expan corresp="#ab-tild-nas"><ex>n</ex></expan>dre]</w></forename></persName> a<c ana="#lram-c">u</c>ez ho<c ana="#hiat">i</c><pc resp="#ed">,</pc>

122) Mais [ne sa*uez] encores pas
*u                                      : <c ana="#lram-c">u</c>
=>  Mais [ne sa<c ana="#lram-c">u</c>ez] encores pas

123) Dont fu [sa mere] &pers;(OLI,olinpias);
&pers;(OLI,olinpias)                    : <persName ref="#OLI"><forename><w>olinpias</w></forename></persName>
;                                       : <pc resp="#ed">;</pc>
=>  Dont fu [sa mere] <persName ref="#OLI"><forename><w>olinpias</w></forename></persName><pc resp="#ed">;</pc>

124) [Je \l dirai], [qui 'l ai] en memoire.
,                                       : <pc resp="#ed">,</pc>
.                                       : <pc resp="#ed">.</pc>
=>  [Je \l dirai]<pc resp="#ed">,</pc> [qui 'l ai] en memoire<pc resp="#ed">.</pc>

125) [Or &corr;(escustez],escutez) &mlt; riche estoire
&corr;(escustez],escutez)               : <choice><sic>escustez]</sic><corr>escutez</corr></choice>
&mlt;                                   : <expan corresp="#ab-ctr-mlt">m<ex>u</ex>lt</expan>
=>  [Or <choice><sic>escustez]</sic><corr>escutez</corr></choice> <expan corresp="#ab-ctr-mlt">m<ex>u</ex>lt</expan> riche estoire

126) Deuz [rois, des &pi;nces] qui [^j sont],
,                                       : <pc resp="#ed">,</pc>
&pi;                                    : <expan corresp="#ab-sus-pi">p<ex>r</ex>i</expan>
^j                                      : <c ana="#lram-v">j</c>
,                                       : <pc resp="#ed">,</pc>
=>  Deuz [rois<pc resp="#ed">,</pc> des <expan corresp="#ab-sus-pi">p<ex>r</ex>i</expan>nces] qui [<c ana="#lram-v">j</c> sont]<pc resp="#ed">,</pc>

127) [Li pluis] est [del &rol-pers;(FLO,roi],floremo&n;t).
&rol-pers;(FLO,roi],floremo&n;t)        : <persName ref="#FLO"><roleName><w>roi]</w></roleName><forename><w>floremo&n;t</w></forename></persName>
.                                       : <pc resp="#ed">.</pc>
=>  [Li pluis] est [del <persName ref="#FLO"><roleName><w>roi]</w></roleName><forename><w>floremo&n;t</w></forename></persName><pc resp="#ed">.</pc>
127] [Li pluis] est [del <persName ref="#FLO"><roleName><w>roi]</w></roleName><forename><w>floremo&n;t</w></forename></persName><pc resp="#ed">.</pc>
&n;                                     : <expan corresp="#ab-tild-nas"><ex>n</ex></expan>
->  [Li pluis] est [del <persName ref="#FLO"><roleName><w>roi]</w></roleName><forename><w>floremo<expan corresp="#ab-tild-nas"><ex>n</ex></expan>t</w></forename></persName><pc resp="#ed">.</pc>

128) [Ce dist] &pers;(AYM,aymes), [or escoutez]
&pers;(AYM,aymes)                       : <persName ref="#AYM"><forename><w>aymes</w></forename></persName>
,                                       : <pc resp="#ed">,</pc>
=>  [Ce dist] <persName ref="#AYM"><forename><w>aymes</w></forename></persName><pc resp="#ed">,</pc> [or escoutez]

129) [Vos &qi; les bo&n;s diz] entendez
&qi;                                    : <expan corresp="#ab-sus-qi">q<ex>u</ex>i</expan>
&n;                                     : <expan corresp="#ab-tild-nas"><ex>n</ex></expan>
=>  [Vos <expan corresp="#ab-sus-qi">q<ex>u</ex>i</expan> les bo<expan corresp="#ab-tild-nas"><ex>n</ex></expan>s diz] entendez

130) Quar [ci poro&n;t] tro*uer [la flor]
&n;                                     : <expan corresp="#ab-tild-nas"><ex>n</ex></expan>
*u                                      : <c ana="#lram-c">u</c>
=>  Quar [ci poro<expan corresp="#ab-tild-nas"><ex>n</ex></expan>t] tro<c ana="#lram-c">u</c>er [la flor]

131) Deuz contes [li bo&n;] conteor,
&n;                                     : <expan corresp="#ab-tild-nas"><ex>n</ex></expan>
,                                       : <pc resp="#ed">,</pc>
=>  Deuz contes [li bo<expan corresp="#ab-tild-nas"><ex>n</ex></expan>] conteor<pc resp="#ed">,</pc>

132) &cb-b;
&cb-b;                                  : <cb n="b"/>
=>  <cb n="b"/>

133) 'D amors &7; de chi*ualeries,
&7;                                     : <expan corresp="#ab-tir-7"><ex>et</ex></expan>
*u                                      : <c ana="#lram-c">u</c>
,                                       : <pc resp="#ed">,</pc>
=>  'D amors <expan corresp="#ab-tir-7"><ex>et</ex></expan> de chi<c ana="#lram-c">u</c>aleries<pc resp="#ed">,</pc>

134) 'D a*ue&n;tures, [de cortoisies],
*u                                      : <c ana="#lram-c">u</c>
&n;                                     : <expan corresp="#ab-tild-nas"><ex>n</ex></expan>
,                                       : <pc resp="#ed">,</pc>
,                                       : <pc resp="#ed">,</pc>
=>  'D a<c ana="#lram-c">u</c>e<expan corresp="#ab-tild-nas"><ex>n</ex></expan>tures<pc resp="#ed">,</pc> [de cortoisies]<pc resp="#ed">,</pc>

135) [_&7; de largesce] [_&7; 'd onor].
&7;                                     : <expan corresp="#ab-tir-7"><ex>et</ex></expan>
&7;                                     : <expan corresp="#ab-tir-7"><ex>et</ex></expan>
.                                       : <pc resp="#ed">.</pc>
=>  [_<expan corresp="#ab-tir-7"><ex>et</ex></expan> de largesce] [_<expan corresp="#ab-tir-7"><ex>et</ex></expan> 'd onor]<pc resp="#ed">.</pc>

136) Or fetes pais, ho~iez segnor.
,                                       : <pc resp="#ed">,</pc>
~i                                      : <c ana="#hiat">i</c>
.                                       : <pc resp="#ed">.</pc>
=>  Or fetes pais<pc resp="#ed">,</pc> ho<c ana="#hiat">i</c>ez segnor<pc resp="#ed">.</pc>

137) &lgE;
&lgE;                                   : </lg>
=>  </lg>

138) 
=>  

139) &divE;
&divE;                                  : </div>
=>  </div>
