
<l n="1" xml:id="Gl1"><w xml:id="Gl1w1" ><hi rend="init-flour">C</hi>el</w><w xml:id="Gl1w2" >[<expan corresp="#ab-sus-qi">q<ex>u</ex>i</expan></w><w xml:id="Gl1w3" >a</w><w xml:id="Gl1w4" >cuer]</w><w xml:id="Gl1w5" >de</w><w xml:id="Gl1w6" >vasalage</w></l>
1) ['', 'el', '', '', '', 'a', 'cuer]', 'de', 'vasalage', '']
2) ['C', '', '', 'i', '', '', '', '', '', '']
3) ['', '', 'u', '', '', '', '', '', '', '']
<w><hi rend="init-flour">C</hi>el</w>
1) ['C', '']
<w>[<expan corresp="#ab-sus-qi">q<ex>u</ex>i</expan></w>
1) ['', 'i', '']
2) ['u', '', '']
<w>a</w>
<w>cuer]</w>
<w>de</w>
<w>vasalage</w>

<l n="2" xml:id="Gl2"><w xml:id="Gl2w1" >Et</w><w xml:id="Gl2w2" ><c ana="#lram-c">u</c>eut</w><w xml:id="Gl2w3" >amer</w><w xml:id="Gl2w4" >[_de</w><w xml:id="Gl2w5" >fin</w><w xml:id="Gl2w6" >corage]</w><pc xml:id="Gl2pc1" resp="#ed">,</pc></l>
1) ['Et', '', 'eut', 'amer', '[_de', 'fin', 'corage]', ',', '']
2) ['', 'u', '', '', '', '', '', '', '']
<w>Et</w>
<w><c ana="#lram-c">u</c>eut</w>
1) ['u', '']
<w>amer</w>
<w>[_de</w>
<w>fin</w>
<w>corage]</w>
<pc resp="#ed">,</pc>

<l n="3" xml:id="Gl3"><w xml:id="Gl3w1" >[Si</w><w xml:id="Gl3w2" >doit]</w><w xml:id="Gl3w3" >ho<c ana="#hiat">i</c>r</w><w xml:id="Gl3w4" ><expan corresp="#ab-tir-7"><ex>et</ex></expan></w><w xml:id="Gl3w5" >escouter</w></l>
1) ['[Si', 'doit]', '', 'r', '', '', '', 'escouter', '']
2) ['', '', 'i', '', '', '', '', '', '']
3) ['', '', '', '', 'et', '', '', '', '']
<w>[Si</w>
<w>doit]</w>
<w>ho<c ana="#hiat">i</c>r</w>
1) ['i', '']
<w><expan corresp="#ab-tir-7"><ex>et</ex></expan></w>
2) ['et', '', '']
<w>escouter</w>

<l n="4" xml:id="Gl4"><w xml:id="Gl4w1" >[Ce</w><w xml:id="Gl4w2" >que]</w><persName ref="#AYM"><forename><w xml:id="Gl4w3" >aymes</w></forename></persName><w xml:id="Gl4w4" ><c ana="#lram-c">u</c>eut</w><w xml:id="Gl4w5" >re<expan corresp="#ab-tir-9"><ex>con</ex></expan>ter</w><pc xml:id="Gl4pc1" resp="#ed">:</pc></l>
1) ['[Ce', 'que]', '', '', '', '', 'eut', '', '', 'ter', ':', '']
2) ['', '', '', '', '', 'u', '', '', '', '', '', '']
3) ['', '', 'aymes', '', '', '', '', 'con', '', '', '', '']
<w>[Ce</w>
<w>que]</w>
<persName ref="#AYM"><forename><w>aymes</w></forename></persName>
2) ['aymes', '', '']
<w><c ana="#lram-c">u</c>eut</w>
1) ['u', '']
<w>re<expan corresp="#ab-tir-9"><ex>con</ex></expan>ter</w>
2) ['con', '', '']
<pc resp="#ed">:</pc>

<l n="5" xml:id="Gl5"><w xml:id="Gl5w1" >Asez</w><w xml:id="Gl5w2" >[<c ana="#lram-v">j</c></w><w xml:id="Gl5w3" >puet]</w><w xml:id="Gl5w4" >de</w><w xml:id="Gl5w5" >bien</w><w xml:id="Gl5w6" >aprandre</w></l>
1) ['Asez', '', '', 'puet]', 'de', 'bien', 'aprandre', '']
2) ['', 'j', '', '', '', '', '', '']
<w>Asez</w>
<w>[<c ana="#lram-v">j</c></w>
1) ['j', '']
<w>puet]</w>
<w>de</w>
<w>bien</w>
<w>aprandre</w>

<l n="6" xml:id="Gl6"><w xml:id="Gl6w1" >[Si</w><w xml:id="Gl6w2" >de]</w><w xml:id="Gl6w3" >bon</w><w xml:id="Gl6w4" >cuer</w><w xml:id="Gl6w5" >[<c ana="#lram-v">j</c></w><w xml:id="Gl6w6" ><c ana="#lram-c">u</c>eut]</w><w xml:id="Gl6w7" >entandre</w><pc xml:id="Gl6pc1" resp="#ed">.</pc></l>
1) ['[Si', 'de]', 'bon', 'cuer', '', '', '', 'eut]', 'entandre', '.', '']
2) ['', '', '', '', 'j', '', 'u', '', '', '', '']
<w>[Si</w>
<w>de]</w>
<w>bon</w>
<w>cuer</w>
<w>[<c ana="#lram-v">j</c></w>
1) ['j', '']
<w><c ana="#lram-c">u</c>eut]</w>
1) ['u', '']
<w>entandre</w>
<pc resp="#ed">.</pc>

<l n="7" xml:id="Gl7"><w xml:id="Gl7w1" >Segnor</w><pc xml:id="Gl7pc1" resp="#ed">,</pc><w xml:id="Gl7w2" >or</w><w xml:id="Gl7w3" >hoiez</w><w xml:id="Gl7w4" >que</w><w xml:id="Gl7w5" >[<c ana="#lram-c">i</c>e</w><w xml:id="Gl7w6" >di]</w><pc xml:id="Gl7pc2" resp="#ed">.</pc></l>
1) ['Segnor', ',', 'or', 'hoiez', 'que', '', 'e', 'di]', '.', '']
2) ['', '', '', '', '', 'i', '', '', '', '']
<w>Segnor</w>
<pc resp="#ed">,</pc>
<w>or</w>
<w>hoiez</w>
<w>que</w>
<w>[<c ana="#lram-c">i</c>e</w>
1) ['i', '']
<w>di]</w>
<pc resp="#ed">.</pc>

<l n="8" xml:id="Gl8"><persName ref="#AYM"><forename><w xml:id="Gl8w1" >Aymes</w></forename></persName><w xml:id="Gl8w2" >por</w><w xml:id="Gl8w3" >amor</w><w xml:id="Gl8w4" >que</w><w xml:id="Gl8w5" >ot</w><w xml:id="Gl8w6" >[en</w><w xml:id="Gl8w7" >li]</w></l>
1) ['', '', '', 'por', 'amor', 'que', 'ot', '[en', 'li]', '']
3) ['Aymes', '', '', '', '', '', '', '', '', '']
<persName ref="#AYM"><forename><w>Aymes</w></forename></persName>
2) ['Aymes', '', '']
<w>por</w>
<w>amor</w>
<w>que</w>
<w>ot</w>
<w>[en</w>
<w>li]</w>

<l n="9" xml:id="Gl9"><w xml:id="Gl9w1" >Fit</w><w xml:id="Gl9w2" >[_le</w><w xml:id="Gl9w3" >romanz]</w><w xml:id="Gl9w4" >tant</w><w xml:id="Gl9w5" >sagemant</w></l>
1) ['Fit', '[_le', 'romanz]', 'tant', 'sagemant', '']
<w>Fit</w>
<w>[_le</w>
<w>romanz]</w>
<w>tant</w>
<w>sagemant</w>

<l n="10" xml:id="Gl10"><w xml:id="Gl10w1" >Que</w><w xml:id="Gl10w2" >teuz</w><w xml:id="Gl10w3" ana="#elis">l</w><w xml:id="Gl10w4" >ora</w><w xml:id="Gl10w5" >qui</w><w xml:id="Gl10w6" >ne</w><w xml:id="Gl10w7" ana="#elis">l</w><w xml:id="Gl10w8" >entent</w></l>
1) ['Que', 'teuz', 'l', 'ora', 'qui', 'ne', 'l', 'entent', '']
<w>Que</w>
<w>teuz</w>
<w ana="#elis">l</w>
<w>ora</w>
<w>qui</w>
<w>ne</w>
<w ana="#elis">l</w>
<w>entent</w>

<l n="11" xml:id="Gl11"><w xml:id="Gl11w1" >Porquoi</w><w xml:id="Gl11w2" >[il</w><w xml:id="Gl11w3" >fu]</w><w xml:id="Gl11w4" ><expan corresp="#ab-tir-7"><ex>et</ex></expan></w><w xml:id="Gl11w5" >faiz</w><w xml:id="Gl11w6" ><expan corresp="#ab-tir-7"><ex>et</ex></expan></w><w xml:id="Gl11w7" >diz</w><pc xml:id="Gl11pc1" resp="#ed">.</pc></l>
1) ['Porquoi', '[il', 'fu]', '', '', '', 'faiz', '', '', '', 'diz', '.', '']
3) ['', '', '', 'et', '', '', '', 'et', '', '', '', '', '']
<w>Porquoi</w>
<w>[il</w>
<w>fu]</w>
<w><expan corresp="#ab-tir-7"><ex>et</ex></expan></w>
2) ['et', '', '']
<w>faiz</w>
<w><expan corresp="#ab-tir-7"><ex>et</ex></expan></w>
2) ['et', '', '']
<w>diz</w>
<pc resp="#ed">.</pc>

<l n="12" xml:id="Gl12"><w xml:id="Gl12w1" >Por</w><persName ref="#JUL"><forename><w xml:id="Gl12w2" >juliaine</w></forename></persName><w xml:id="Gl12w3" >fu</w><w xml:id="Gl12w4" >escriz</w><pc xml:id="Gl12pc1" resp="#ed">.</pc></l>
1) ['Por', '', '', '', 'fu', 'escriz', '.', '']
3) ['', 'juliaine', '', '', '', '', '', '']
<w>Por</w>
<persName ref="#JUL"><forename><w>juliaine</w></forename></persName>
2) ['juliaine', '', '']
<w>fu</w>
<w>escriz</w>
<pc resp="#ed">.</pc>

<l n="13" xml:id="Gl13"><w xml:id="Gl13w1" >Toz</w><w xml:id="Gl13w2" ><c ana="#lram-c">i</c>orz</w><w xml:id="Gl13w3" >mais</w><w xml:id="Gl13w4" >en</w><w xml:id="Gl13w5" ><c ana="#lram-v">j</c>ert</w><w xml:id="Gl13w6" >reme<expan corresp="#ab-tild-nas"><ex>n</ex></expan>brance</w><pc xml:id="Gl13pc1" resp="#ed">.</pc></l>
1) ['Toz', '', 'orz', 'mais', 'en', '', 'ert', '', '', 'brance', '.', '']
2) ['', 'i', '', '', '', 'j', '', '', '', '', '', '']
3) ['', '', '', '', '', '', '', 'n', '', '', '', '']
<w>Toz</w>
<w><c ana="#lram-c">i</c>orz</w>
1) ['i', '']
<w>mais</w>
<w>en</w>
<w><c ana="#lram-v">j</c>ert</w>
1) ['j', '']
<w>reme<expan corresp="#ab-tild-nas"><ex>n</ex></expan>brance</w>
2) ['n', '', '']
<pc resp="#ed">.</pc>

<l n="14" xml:id="Gl14"><w xml:id="Gl14w1" >[<c ana="#lram-v">J</c>l</w><w xml:id="Gl14w2" >ne]</w><w xml:id="Gl14w3" >fu</w><w xml:id="Gl14w4" >mie</w><w xml:id="Gl14w5" >faiz</w><w xml:id="Gl14w6" >[en</w><placeName type="region" ref="#FRA"><name><w xml:id="Gl14w7" >france]</w></name></placeName></l>
1) ['', 'l', 'ne]', 'fu', 'mie', 'faiz', '[en', '', '', '', '']
2) ['J', '', '', '', '', '', '', '', '', '', '']
3) ['', '', '', '', '', '', '', 'france]', '', '', '']
<w>[<c ana="#lram-v">J</c>l</w>
1) ['J', '']
<w>ne]</w>
<w>fu</w>
<w>mie</w>
<w>faiz</w>
<w>[en</w>
<placeName type="region" ref="#FRA"><name><w>france]</w></name></placeName>
2) ['france]', '', '']

<l n="15" xml:id="Gl15"><w xml:id="Gl15w1" >[_Mais</w><w xml:id="Gl15w2" >en</w><w xml:id="Gl15w3" >la</w><w xml:id="Gl15w4" >lengue]</w><w xml:id="Gl15w5" >deuz</w><w xml:id="Gl15w6" >francois</w></l>
1) ['[_Mais', 'en', 'la', 'lengue]', 'deuz', 'francois', '']
<w>[_Mais</w>
<w>en</w>
<w>la</w>
<w>lengue]</w>
<w>deuz</w>
<w>francois</w>

<l n="16" xml:id="Gl16"><w xml:id="Gl16w1" >[Le</w><w xml:id="Gl16w2" >fit]</w><persName ref="#AYM"><forename><w xml:id="Gl16w3" >aymes</w></forename></persName><w xml:id="Gl16w4" >[en</w><placeName type="city" ref="#LIO"><name><w xml:id="Gl16w5" >leonois]</w></name></placeName><pc xml:id="Gl16pc1" resp="#ed">.</pc></l>
1) ['[Le', 'fit]', '', '', '', '[en', '', '', '', '.', '']
3) ['', '', 'aymes', '', '', '', 'leonois]', '', '', '', '']
<w>[Le</w>
<w>fit]</w>
<persName ref="#AYM"><forename><w>aymes</w></forename></persName>
2) ['aymes', '', '']
<w>[en</w>
<placeName type="city" ref="#LIO"><name><w>leonois]</w></name></placeName>
2) ['leonois]', '', '']
<pc resp="#ed">.</pc>

<l n="17" xml:id="Gl17"><persName ref="#AYM"><forename><w xml:id="Gl17w1" >Aymes</w></forename></persName><w xml:id="Gl17w2" >[<c ana="#lram-v">j</c></w><w xml:id="Gl17w3" >mit]</w><w xml:id="Gl17w4" ana="#elis">s</w><w xml:id="Gl17w5" >entencion</w><pc xml:id="Gl17pc1" resp="#ed">.</pc></l>
1) ['', '', '', '', '', 'mit]', 's', 'entencion', '.', '']
2) ['', '', '', 'j', '', '', '', '', '', '']
3) ['Aymes', '', '', '', '', '', '', '', '', '']
<persName ref="#AYM"><forename><w>Aymes</w></forename></persName>
2) ['Aymes', '', '']
<w>[<c ana="#lram-v">j</c></w>
1) ['j', '']
<w>mit]</w>
<w ana="#elis">s</w>
<w>entencion</w>
<pc resp="#ed">.</pc>

<l n="18" xml:id="Gl18"><w xml:id="Gl18w1" >[Le</w><w xml:id="Gl18w2" >romanz]</w><w xml:id="Gl18w3" >fit</w><w xml:id="Gl18w4" >[<c ana= "#diacr-desamb">a</c></w><placeName type="city" ref="#CHA"><name><w xml:id="Gl18w5" >chastellon]</w></name></placeName></l>
1) ['[Le', 'romanz]', 'fit', '', '', '', '', '', '']
2) ['', '', '', 'a', '', '', '', '', '']
3) ['', '', '', '', '', 'chastellon]', '', '', '']
<w>[Le</w>
<w>romanz]</w>
<w>fit</w>
<w>[<c ana= "#diacr-desamb">a</c></w>
1) ['a', '']
<placeName type="city" ref="#CHA"><name><w>chastellon]</w></name></placeName>
2) ['chastellon]', '', '']

<l n="19" xml:id="Gl19"><w xml:id="Gl19w1" >[De</w><persName ref="#FIL"><forename><w xml:id="Gl19w2" >felipon]</w></forename><w xml:id="Gl19w3" >[de</w><placeName type="region" ref="#MAC"><name><w xml:id="Gl19w4" >macedoine]</w></name></placeName></persName></l>
1) ['[De', '', '', '', '', '', '', '', '']
2) ['', '', '', '[de', '', '', '', '', '']
3) ['', 'felipon]', '', '', '', '', '', '', '']
4) ['', '', '', '', 'macedoine]', '', '', '', '']
<w>[De</w>
<persName ref="#FIL"><forename><w>felipon]</w></forename><w>[de</w><placeName type="region" ref="#MAC"><name><w>macedoine]</w></name></placeName></persName>
1) ['', '', '[de', '', '', '', '']
2) ['felipon]', '', '', '', '', '', '']
3) ['', '', '', 'macedoine]', '', '', '']

<l n="20" xml:id="Gl20"><w xml:id="Gl20w1" >[Qui</w><w xml:id="Gl20w2" >fu</w><w xml:id="Gl20w3" >noriz]</w><w xml:id="Gl20w4" >[en</w><placeName type="city" ref="#BAB"><name><w xml:id="Gl20w5" >babiloine]</w></name></placeName><pc xml:id="Gl20pc1" resp="#ed">,</pc></l>
1) ['[Qui', 'fu', 'noriz]', '[en', '', '', '', ',', '']
3) ['', '', '', '', 'babiloine]', '', '', '', '']
<w>[Qui</w>
<w>fu</w>
<w>noriz]</w>
<w>[en</w>
<placeName type="city" ref="#BAB"><name><w>babiloine]</w></name></placeName>
2) ['babiloine]', '', '']
<pc resp="#ed">,</pc>

<l n="21" xml:id="Gl21"><w xml:id="Gl21w1" >[_<expan corresp="#ab-tir-7"><ex>et</ex></expan></w><w xml:id="Gl21w2" >del</w><w xml:id="Gl21w3" >fil]</w><w xml:id="Gl21w4" >[al</w><persName ref="#MAT"><roleName><w xml:id="Gl21w5" >duc]</w></roleName><forename><w xml:id="Gl21w6" >matequaz</w></forename></persName></l>
1) ['', '', '', 'del', 'fil]', '[al', '', '', '', '', '', '']
3) ['et', '', '', '', '', '', 'duc]', '', 'matequaz', '', '', '']
<w>[_<expan corresp="#ab-tir-7"><ex>et</ex></expan></w>
2) ['et', '', '']
<w>del</w>
<w>fil]</w>
<w>[al</w>
<persName ref="#MAT"><roleName><w>duc]</w></roleName><forename><w>matequaz</w></forename></persName>
2) ['duc]', '', 'matequaz', '', '']

<l n="22" xml:id="Gl22"><w xml:id="Gl22w1" >Qui</w><w xml:id="Gl22w2" >estoit</w><w xml:id="Gl22w3" >sire</w><w xml:id="Gl22w4" >[de</w><placeName type="city" ref="#DUR"><name><w xml:id="Gl22w5" >duraz]</w></name></placeName><pc xml:id="Gl22pc1" resp="#ed">:</pc></l>
1) ['Qui', 'estoit', 'sire', '[de', '', '', '', ':', '']
3) ['', '', '', '', 'duraz]', '', '', '', '']
<w>Qui</w>
<w>estoit</w>
<w>sire</w>
<w>[de</w>
<placeName type="city" ref="#DUR"><name><w>duraz]</w></name></placeName>
2) ['duraz]', '', '']
<pc resp="#ed">:</pc>

<l n="23" xml:id="Gl23"><persName ref="#FLO"><forename><w xml:id="Gl23w1" >Florimont</w></forename></persName><w xml:id="Gl23w2" >ot</w><w xml:id="Gl23w3" >no<expan corresp="#ab-tild-nas"><ex>n</ex></expan></w><w xml:id="Gl23w4" >[en</w><w xml:id="Gl23w5" >fran<c ana="#affr">c</c>ois]</w><pc xml:id="Gl23pc1" resp="#ed">,</pc></l>
1) ['', '', '', 'ot', '', '', '', '[en', '', 'ois]', ',', '']
2) ['', '', '', '', '', '', '', '', 'c', '', '', '']
3) ['Florimont', '', '', '', 'n', '', '', '', '', '', '', '']
<persName ref="#FLO"><forename><w>Florimont</w></forename></persName>
2) ['Florimont', '', '']
<w>ot</w>
<w>no<expan corresp="#ab-tild-nas"><ex>n</ex></expan></w>
2) ['n', '', '']
<w>[en</w>
<w>fran<c ana="#affr">c</c>ois]</w>
1) ['c', '']
<pc resp="#ed">,</pc>

<l n="24" xml:id="Gl24"><persName ref="#FLO"><forename><w xml:id="Gl24w1" >Eleneos</w></forename></persName><w xml:id="Gl24w2" >dist</w><w xml:id="Gl24w3" >[en</w><w xml:id="Gl24w4" >grezeois]</w><pc xml:id="Gl24pc1" resp="#ed">.</pc></l>
1) ['', '', '', 'dist', '[en', 'grezeois]', '.', '']
3) ['Eleneos', '', '', '', '', '', '', '']
<persName ref="#FLO"><forename><w>Eleneos</w></forename></persName>
2) ['Eleneos', '', '']
<w>dist</w>
<w>[en</w>
<w>grezeois]</w>
<pc resp="#ed">.</pc>

<l n="25" xml:id="Gl25"><w xml:id="Gl25w1" >Rois</w><w xml:id="Gl25w2" >fu</w><w xml:id="Gl25w3" ><expan corresp="#ab-tir-7"><ex>et</ex></expan></w><w xml:id="Gl25w4" >[si</w><w xml:id="Gl25w5" >conquist]</w><w xml:id="Gl25w6" >asez</w><pc xml:id="Gl25pc1" resp="#ed">,</pc></l>
1) ['Rois', 'fu', '', '', '', '[si', 'conquist]', 'asez', ',', '']
3) ['', '', 'et', '', '', '', '', '', '', '']
<w>Rois</w>
<w>fu</w>
<w><expan corresp="#ab-tir-7"><ex>et</ex></expan></w>
2) ['et', '', '']
<w>[si</w>
<w>conquist]</w>
<w>asez</w>
<pc resp="#ed">,</pc>

<l n="26" xml:id="Gl26"><w xml:id="Gl26w1" >Dirai</w><w xml:id="Gl26w2" ><c ana="#lram-c">u</c>os</w><w xml:id="Gl26w3" >en</w><w xml:id="Gl26w4" >[si</w><w xml:id="Gl26w5" >me]</w><w xml:id="Gl26w6" >escutez</w><pc xml:id="Gl26pc1" resp="#ed">.</pc></l>
1) ['Dirai', '', 'os', 'en', '[si', 'me]', 'escutez', '.', '']
2) ['', 'u', '', '', '', '', '', '', '']
<w>Dirai</w>
<w><c ana="#lram-c">u</c>os</w>
1) ['u', '']
<w>en</w>
<w>[si</w>
<w>me]</w>
<w>escutez</w>
<pc resp="#ed">.</pc>

<l n="27" xml:id="Gl27"><w xml:id="Gl27w1" ><hi rend="init-flour">S</hi>or</w><w xml:id="Gl27w2" >asel<subst><del rend="transf">q</del><add place="sup">g</add></subst>ue</w><w xml:id="Gl27w3" >[<c ana= "#diacr-desamb">a</c></w><placeName type="city" ref="#CHA"><name><w xml:id="Gl27w4" >chastellon]</w></name></placeName></l>
1) ['', 'or', '', '', '', 'ue', '', '', '', '', '', '']
2) ['S', '', '', '', '', '', 'a', '', '', '', '', '']
3) ['', '', 'q', 'g', '', '', '', '', 'chastellon]', '', '', '']
<w><hi rend="init-flour">S</hi>or</w>
1) ['S', '']
<w>asel<subst><del rend="transf">q</del><add place="sup">g</add></subst>ue</w>
2) ['q', 'g', '', '']
<w>[<c ana= "#diacr-desamb">a</c></w>
1) ['a', '']
<placeName type="city" ref="#CHA"><name><w>chastellon]</w></name></placeName>
2) ['chastellon]', '', '']

<l n="28" xml:id="Gl28"><w xml:id="Gl28w1" >Estoit</w><persName ref="#AYM"><forename><w xml:id="Gl28w2" >aymes</w></forename></persName><w xml:id="Gl28w3" >une</w><w xml:id="Gl28w4" >saison</w></l>
1) ['Estoit', '', '', '', 'une', 'saison', '']
3) ['', 'aymes', '', '', '', '', '']
<w>Estoit</w>
<persName ref="#AYM"><forename><w>aymes</w></forename></persName>
2) ['aymes', '', '']
<w>une</w>
<w>saison</w>

<l n="29" xml:id="Gl29"><w xml:id="Gl29w1" ><expan corresp="#ab-tir-7barr"><ex>et</ex></expan></w><w xml:id="Gl29w2" >porpensa</w><w xml:id="Gl29w3" >soi</w><w xml:id="Gl29w4" >[de</w><w xml:id="Gl29w5" ana="#elis">l</w><w xml:id="Gl29w6" >estoire]</w></l>
1) ['', '', '', 'porpensa', 'soi', '[de', 'l', 'estoire]', '']
3) ['et', '', '', '', '', '', '', '', '']
<w><expan corresp="#ab-tir-7barr"><ex>et</ex></expan></w>
2) ['et', '', '']
<w>porpensa</w>
<w>soi</w>
<w>[de</w>
<w ana="#elis">l</w>
<w>estoire]</w>

<l n="30" xml:id="Gl30"><w xml:id="Gl30w1" ><expan corresp="#ab-tild-Q">Q<ex>ue</ex></expan></w><w xml:id="Gl30w2" >il</w><w xml:id="Gl30w3" >a<c ana="#lram-c">u</c>oit</w><w xml:id="Gl30w4" >[en</w><w xml:id="Gl30w5" >sa</w><w xml:id="Gl30w6" >memoire]</w><pc xml:id="Gl30pc1" resp="#ed">.</pc></l>
1) ['', '', '', 'il', '', 'oit', '[en', 'sa', 'memoire]', '.', '']
2) ['', '', '', '', 'u', '', '', '', '', '', '']
3) ['ue', '', '', '', '', '', '', '', '', '', '']
<w><expan corresp="#ab-tild-Q">Q<ex>ue</ex></expan></w>
2) ['ue', '', '']
<w>il</w>
<w>a<c ana="#lram-c">u</c>oit</w>
1) ['u', '']
<w>[en</w>
<w>sa</w>
<w>memoire]</w>
<pc resp="#ed">.</pc>

<l n="31" xml:id="Gl31"><w xml:id="Gl31w1" ><c ana="#lram-v">J</c>l</w><w xml:id="Gl31w2" ana="#elis">l</w><w xml:id="Gl31w3" >a<c ana="#lram-c">u</c>oit</w><w xml:id="Gl31w4" >[en</w><placeName type="region" ref="#GRE"><name><w xml:id="Gl31w5" >greze]</w></name></placeName><w xml:id="Gl31w6" ><c ana="#lram-c">u</c>e<c ana="#hiat">u</c>e</w></l>
1) ['', 'l', 'l', '', 'oit', '[en', '', '', '', '', '', 'e', '']
2) ['J', '', '', 'u', '', '', '', '', '', 'u', 'u', '', '']
3) ['', '', '', '', '', '', 'greze]', '', '', '', '', '', '']
<w><c ana="#lram-v">J</c>l</w>
1) ['J', '']
<w ana="#elis">l</w>
<w>a<c ana="#lram-c">u</c>oit</w>
1) ['u', '']
<w>[en</w>
<placeName type="region" ref="#GRE"><name><w>greze]</w></name></placeName>
2) ['greze]', '', '']
<w><c ana="#lram-c">u</c>e<c ana="#hiat">u</c>e</w>
1) ['u', 'u', '']

<l n="32" xml:id="Gl32"><w xml:id="Gl32w1" >Mais</w><w xml:id="Gl32w2" ana="#elis">n</w><w xml:id="Gl32w3" >estoit</w><w xml:id="Gl32w4" >pas</w><w xml:id="Gl32w5" >[<expan corresp="#ab-lm-pbarr-d">p<ex>ar</ex></expan></w><w xml:id="Gl32w6" >tot]</w><w xml:id="Gl32w7" >sa<c ana="#hiat">u</c>e</w><pc xml:id="Gl32pc1" resp="#ed">;</pc></l>
1) ['Mais', 'n', 'estoit', 'pas', '', '', '', 'tot]', '', 'e', ';', '']
2) ['', '', '', '', '', '', '', '', 'u', '', '', '']
3) ['', '', '', '', 'ar', '', '', '', '', '', '', '']
<w>Mais</w>
<w ana="#elis">n</w>
<w>estoit</w>
<w>pas</w>
<w>[<expan corresp="#ab-lm-pbarr-d">p<ex>ar</ex></expan></w>
2) ['ar', '', '']
<w>tot]</w>
<w>sa<c ana="#hiat">u</c>e</w>
1) ['u', '']
<pc resp="#ed">;</pc>

<l n="33" xml:id="Gl33"><w xml:id="Gl33w1" >[<c ana="#diacr-desamb">A</c></w><placeName type="city" ref="#FIP"><name><w xml:id="Gl33w2" >felipople]</w></name></placeName><w xml:id="Gl33w3" >[la</w><w xml:id="Gl33w4" >tro<c ana="#lram-c">u</c>a]</w><pc xml:id="Gl33pc1" resp="#ed">,</pc></l>
1) ['', '', '', '', '', '[la', '', 'a]', ',', '']
2) ['A', '', '', '', '', '', 'u', '', '', '']
3) ['', '', 'felipople]', '', '', '', '', '', '', '']
<w>[<c ana="#diacr-desamb">A</c></w>
1) ['A', '']
<placeName type="city" ref="#FIP"><name><w>felipople]</w></name></placeName>
2) ['felipople]', '', '']
<w>[la</w>
<w>tro<c ana="#lram-c">u</c>a]</w>
1) ['u', '']
<pc resp="#ed">,</pc>

<l n="34" xml:id="Gl34"><w xml:id="Gl34w1" >[<c ana="#diacr-desamb">A</c></w><placeName type="city" ref="#CHA"><name><w xml:id="Gl34w2" >chastellon]</w></name></placeName><w xml:id="Gl34w3" ana="#elis">l</w><w xml:id="Gl34w4" >en</w><w xml:id="Gl34w5" >aporta</w><pc xml:id="Gl34pc1" resp="#ed">;</pc></l>
1) ['', '', '', '', '', 'l', 'en', 'aporta', ';', '']
2) ['A', '', '', '', '', '', '', '', '', '']
3) ['', '', 'chastellon]', '', '', '', '', '', '', '']
<w>[<c ana="#diacr-desamb">A</c></w>
1) ['A', '']
<placeName type="city" ref="#CHA"><name><w>chastellon]</w></name></placeName>
2) ['chastellon]', '', '']
<w ana="#elis">l</w>
<w>en</w>
<w>aporta</w>
<pc resp="#ed">;</pc>

<l n="35" xml:id="Gl35"><w xml:id="Gl35w1" >Ainsi</w><w xml:id="Gl35w2" >[co<expan corresp="#ab-tild-nas"><ex>m</ex></expan></w><w xml:id="Gl35w3" >il]</w><w xml:id="Gl35w4" ana="#elis">l</w><w xml:id="Gl35w5" >a<c ana="#lram-c">u</c>oit</w><w xml:id="Gl35w6" >en<expan corresp="#ab-sus-pi">p<ex>r</ex>i</expan>se</w></l>
1) ['Ainsi', '', '', '', 'il]', 'l', '', 'oit', '', '', 'se', '']
2) ['', '', '', '', '', '', 'u', '', '', 'i', '', '']
3) ['', 'm', '', '', '', '', '', '', 'r', '', '', '']
<w>Ainsi</w>
<w>[co<expan corresp="#ab-tild-nas"><ex>m</ex></expan></w>
2) ['m', '', '']
<w>il]</w>
<w ana="#elis">l</w>
<w>a<c ana="#lram-c">u</c>oit</w>
1) ['u', '']
<w>en<expan corresp="#ab-sus-pi">p<ex>r</ex>i</expan>se</w>
1) ['', 'i', '']
2) ['r', '', '']

<l n="36" xml:id="Gl36"><w xml:id="Gl36w1" ana="#elis">L</w><w xml:id="Gl36w2" >a</w><w xml:id="Gl36w3" >[de</w><w xml:id="Gl36w4" >latin]</w><w xml:id="Gl36w5" >[en</w><w xml:id="Gl36w6" >romanz]</w><w xml:id="Gl36w7" >mise</w><pc xml:id="Gl36pc1" resp="#ed">.</pc></l>
1) ['L', 'a', '[de', 'latin]', '[en', 'romanz]', 'mise', '.', '']
<w ana="#elis">L</w>
<w>a</w>
<w>[de</w>
<w>latin]</w>
<w>[en</w>
<w>romanz]</w>
<w>mise</w>
<pc resp="#ed">.</pc>

<l n="37" xml:id="Gl37"><persName ref="#AYM"><forename><w xml:id="Gl37w1" >Aymes</w></forename><w xml:id="Gl37w2" >[de</w><placeName type="city" ref="#VAR"><name><w xml:id="Gl37w3" ><c ana="#lram-c">u</c>arenes]</w></name></placeName></persName><w xml:id="Gl37w4" >retrait</w></l>
1) ['', '', '', '', '', '', '', '', 'retrait', '']
2) ['', '', '[de', '', '', '', '', '', '', '']
3) ['Aymes', '', '', '', '', '', '', '', '', '']
4) ['', '', '', '', 'arenes]', '', '', '', '', '']
5) ['', '', '', 'u', '', '', '', '', '', '']
<persName ref="#AYM"><forename><w>Aymes</w></forename><w>[de</w><placeName type="city" ref="#VAR"><name><w><c ana="#lram-c">u</c>arenes]</w></name></placeName></persName>
1) ['', '', '[de', '', '', '', '', '']
2) ['Aymes', '', '', '', '', '', '', '']
3) ['', '', '', '', 'arenes]', '', '', '']
4) ['', '', '', 'u', '', '', '', '']
<w>retrait</w>

<l n="38" xml:id="Gl38"><w xml:id="Gl38w1" >Des</w><w xml:id="Gl38w2" >anc<c ana="#hiat">i</c>eins</w><w xml:id="Gl38w3" >ce</w><w xml:id="Gl38w4" ana="#elis">qu</w><w xml:id="Gl38w5" >il</w><w xml:id="Gl38w6" >ont</w><w xml:id="Gl38w7" >fait</w><pc xml:id="Gl38pc1" resp="#ed">.</pc></l>
1) ['Des', '', 'eins', 'ce', 'qu', 'il', 'ont', 'fait', '.', '']
2) ['', 'i', '', '', '', '', '', '', '', '']
<w>Des</w>
<w>anc<c ana="#hiat">i</c>eins</w>
1) ['i', '']
<w>ce</w>
<w ana="#elis">qu</w>
<w>il</w>
<w>ont</w>
<w>fait</w>
<pc resp="#ed">.</pc>

<l n="39" xml:id="Gl39"><w xml:id="Gl39w1" >[Le</w><w xml:id="Gl39w2" >fait]</w><w xml:id="Gl39w3" >conte</w><w xml:id="Gl39w4" >des</w><w xml:id="Gl39w5" >anc<c ana="#hiat">i</c>eins</w></l>
1) ['[Le', 'fait]', 'conte', 'des', '', 'eins', '']
2) ['', '', '', '', 'i', '', '']
<w>[Le</w>
<w>fait]</w>
<w>conte</w>
<w>des</w>
<w>anc<c ana="#hiat">i</c>eins</w>
1) ['i', '']

<l n="40" xml:id="Gl40"><w xml:id="Gl40w1" >[<expan corresp="#ab-tild-Q">Q<ex>ue</ex></expan></w><w xml:id="Gl40w2" >tuit]</w><w xml:id="Gl40w3" >cil</w><w xml:id="Gl40w4" >qui</w><w xml:id="Gl40w5" >ont</w><w xml:id="Gl40w6" >les</w><w xml:id="Gl40w7" >cuers</w><w xml:id="Gl40w8" >vai<expan corresp="#ab-tild-nas"><ex>n</ex></expan>s</w></l>
1) ['', '', '', 'tuit]', 'cil', 'qui', 'ont', 'les', 'cuers', '', '', 's', '']
3) ['ue', '', '', '', '', '', '', '', '', 'n', '', '', '']
<w>[<expan corresp="#ab-tild-Q">Q<ex>ue</ex></expan></w>
2) ['ue', '', '']
<w>tuit]</w>
<w>cil</w>
<w>qui</w>
<w>ont</w>
<w>les</w>
<w>cuers</w>
<w>vai<expan corresp="#ab-tild-nas"><ex>n</ex></expan>s</w>
2) ['n', '', '']

<l n="41" xml:id="Gl41"><w xml:id="Gl41w1" >Aient</w><w xml:id="Gl41w2" >[de</w><w xml:id="Gl41w3" >lor]</w><w xml:id="Gl41w4" >pro<c ana="#hiat">e</c>ce</w><w xml:id="Gl41w5" >en<c ana="#lram-c">u</c>ie</w></l>
1) ['Aient', '[de', 'lor]', '', 'ce', '', 'ie', '']
2) ['', '', '', 'e', '', 'u', '', '']
<w>Aient</w>
<w>[de</w>
<w>lor]</w>
<w>pro<c ana="#hiat">e</c>ce</w>
1) ['e', '']
<w>en<c ana="#lram-c">u</c>ie</w>
1) ['u', '']

<l n="42" xml:id="Gl42"><w xml:id="Gl42w1" >Por</w><w xml:id="Gl42w2" >eme<expan corresp="#ab-tild-nas"><ex>n</ex></expan>der</w><w xml:id="Gl42w3" >[_lor</w><w xml:id="Gl42w4" >fause]</w><w xml:id="Gl42w5" ><c ana="#lram-c">u</c>ie</w><pc xml:id="Gl42pc1" resp="#ed">.</pc></l>
1) ['Por', '', '', 'der', '[_lor', 'fause]', '', 'ie', '.', '']
2) ['', '', '', '', '', '', 'u', '', '', '']
3) ['', 'n', '', '', '', '', '', '', '', '']
<w>Por</w>
<w>eme<expan corresp="#ab-tild-nas"><ex>n</ex></expan>der</w>
2) ['n', '', '']
<w>[_lor</w>
<w>fause]</w>
<w><c ana="#lram-c">u</c>ie</w>
1) ['u', '']
<pc resp="#ed">.</pc>

<l n="43" xml:id="Gl43"><w xml:id="Gl43w1" ><hi rend="init-flour">P</hi>or</w><w xml:id="Gl43w2" >les</w><w xml:id="Gl43w3" >anc<c ana="#hiat">i</c>eins</w><w xml:id="Gl43w4" >reme<expan corresp="#ab-tild-nas"><ex>n</ex></expan>brer</w></l>
1) ['', 'or', 'les', '', 'eins', '', '', 'brer', '']
2) ['P', '', '', 'i', '', '', '', '', '']
3) ['', '', '', '', '', 'n', '', '', '']
<w><hi rend="init-flour">P</hi>or</w>
1) ['P', '']
<w>les</w>
<w>anc<c ana="#hiat">i</c>eins</w>
1) ['i', '']
<w>reme<expan corresp="#ab-tild-nas"><ex>n</ex></expan>brer</w>
2) ['n', '', '']

<l n="44" xml:id="Gl44"><w xml:id="Gl44w1" >[_Vos</w><w xml:id="Gl44w2" ><c ana="#lram-c">u</c>eil</w><w xml:id="Gl44w3" >dire]</w><w xml:id="Gl44w4" ><expan corresp="#ab-tir-7"><ex>et</ex></expan></w><w xml:id="Gl44w5" >reco<expan corresp="#ab-tild-nas"><ex>n</ex></expan>ter</w></l>
1) ['[_Vos', '', 'eil', 'dire]', '', '', '', '', '', 'ter', '']
2) ['', 'u', '', '', '', '', '', '', '', '', '']
3) ['', '', '', '', 'et', '', '', 'n', '', '', '']
<w>[_Vos</w>
<w><c ana="#lram-c">u</c>eil</w>
1) ['u', '']
<w>dire]</w>
<w><expan corresp="#ab-tir-7"><ex>et</ex></expan></w>
2) ['et', '', '']
<w>reco<expan corresp="#ab-tild-nas"><ex>n</ex></expan>ter</w>
2) ['n', '', '']

<l n="45" xml:id="Gl45"><w xml:id="Gl45w1" >[Si</w><w xml:id="Gl45w2" >con]</w><w xml:id="Gl45w3" ana="#elis"><c ana="#lram-c">i</c></w><w xml:id="Gl45w4" >ai</w><w xml:id="Gl45w5" >[en</w><w xml:id="Gl45w6" >escrit]</w><w xml:id="Gl45w7" >tro<c ana="#lram-c">u</c><c ana="#e-ton">e</c></w></l>
1) ['[Si', 'con]', '', '', 'ai', '[en', 'escrit]', '', '', '', '']
2) ['', '', 'i', '', '', '', '', 'u', 'e', '', '']
<w>[Si</w>
<w>con]</w>
<w ana="#elis"><c ana="#lram-c">i</c></w>
1) ['i', '']
<w>ai</w>
<w>[en</w>
<w>escrit]</w>
<w>tro<c ana="#lram-c">u</c><c ana="#e-ton">e</c></w>
1) ['u', 'e', '']

<l n="46" xml:id="Gl46"><w xml:id="Gl46w1" ana="#elis">D</w><w xml:id="Gl46w2" >une</w><w xml:id="Gl46w3" >estoire</w><w xml:id="Gl46w4" >[la</w><w xml:id="Gl46w5" ><c ana="#lram-c">u</c>erit<c ana="#e-ton">e</c>]</w><pc xml:id="Gl46pc1" resp="#ed">.</pc></l>
1) ['D', 'une', 'estoire', '[la', '', '', ']', '.', '']
2) ['', '', '', '', 'u', 'e', '', '', '']
<w ana="#elis">D</w>
<w>une</w>
<w>estoire</w>
<w>[la</w>
<w><c ana="#lram-c">u</c>erit<c ana="#e-ton">e</c>]</w>
1) ['u', 'e', '']
<pc resp="#ed">.</pc>

<l n="47" xml:id="Gl47"><w xml:id="Gl47w1" ><c ana="#diacr-desamb">A</c></w><w xml:id="Gl47w2" >ceuz</w><w xml:id="Gl47w3" >[qui</w><w xml:id="Gl47w4" >firo<expan corresp="#ab-tild-nas"><ex>n</ex></expan>t]</w><w xml:id="Gl47w5" >les</w><w xml:id="Gl47w6" >bo<expan corresp="#ab-tild-nas"><ex>n</ex></expan>s</w><w xml:id="Gl47w7" ><choice><sic>faz</sic><corr>faiz</corr></choice></w></l>
1) ['', '', 'ceuz', '[qui', '', '', 't]', 'les', '', '', 's', '', '', '', '', '']
2) ['A', '', '', '', '', '', '', '', '', '', '', '', '', '', '', '']
3) ['', '', '', '', 'n', '', '', '', 'n', '', '', 'faz', 'faiz', '', '', '']
<w><c ana="#diacr-desamb">A</c></w>
1) ['A', '']
<w>ceuz</w>
<w>[qui</w>
<w>firo<expan corresp="#ab-tild-nas"><ex>n</ex></expan>t]</w>
2) ['n', '', '']
<w>les</w>
<w>bo<expan corresp="#ab-tild-nas"><ex>n</ex></expan>s</w>
2) ['n', '', '']
<w><choice><sic>faz</sic><corr>faiz</corr></choice></w>
2) ['faz', 'faiz', '', '']

<l n="48" xml:id="Gl48"><w xml:id="Gl48w1" >[_Porcoi</w><w xml:id="Gl48w2" >li</w><w xml:id="Gl48w3" >conte]</w><w xml:id="Gl48w4" >sont</w><w xml:id="Gl48w5" >retraiz</w></l>
1) ['[_Porcoi', 'li', 'conte]', 'sont', 'retraiz', '']
<w>[_Porcoi</w>
<w>li</w>
<w>conte]</w>
<w>sont</w>
<w>retraiz</w>

<l n="49" xml:id="Gl49"><w xml:id="Gl49w1" >[_De<c ana="#lram-c">u</c>omes</w><w xml:id="Gl49w2" >nos</w><w xml:id="Gl49w3" >toz]</w><w xml:id="Gl49w4" ><c ana="#lram-c">i</c>orz</w><w xml:id="Gl49w5" >a<expan corresp="#ab-tild-nas"><ex>n</ex></expan>ta<expan corresp="#ab-tild-nas"><ex>n</ex></expan>dre</w><pc xml:id="Gl49pc1" resp="#ed">,</pc></l>
1) ['', 'omes', 'nos', 'toz]', '', 'orz', '', '', '', '', 'dre', ',', '']
2) ['u', '', '', '', 'i', '', '', '', '', '', '', '', '']
3) ['', '', '', '', '', '', 'n', '', 'n', '', '', '', '']
<w>[_De<c ana="#lram-c">u</c>omes</w>
1) ['u', '']
<w>nos</w>
<w>toz]</w>
<w><c ana="#lram-c">i</c>orz</w>
1) ['i', '']
<w>a<expan corresp="#ab-tild-nas"><ex>n</ex></expan>ta<expan corresp="#ab-tild-nas"><ex>n</ex></expan>dre</w>
2) ['n', '', 'n', '', '']
<pc resp="#ed">,</pc>

<l n="50" xml:id="Gl50"><w xml:id="Gl50w1" >Quar</w><w xml:id="Gl50w2" >ad<c ana="#e-ton">e</c>s</w><w xml:id="Gl50w3" >[<c ana="#lram-v">j</c></w><w xml:id="Gl50w4" >puet]</w><w xml:id="Gl50w5" >on</w><w xml:id="Gl50w6" >apra<expan corresp="#ab-tild-nas"><ex>n</ex></expan>dre</w></l>
1) ['Quar', '', 's', '', '', 'puet]', 'on', '', '', 'dre', '']
2) ['', 'e', '', 'j', '', '', '', '', '', '', '']
3) ['', '', '', '', '', '', '', 'n', '', '', '']
<w>Quar</w>
<w>ad<c ana="#e-ton">e</c>s</w>
1) ['e', '']
<w>[<c ana="#lram-v">j</c></w>
1) ['j', '']
<w>puet]</w>
<w>on</w>
<w>apra<expan corresp="#ab-tild-nas"><ex>n</ex></expan>dre</w>
2) ['n', '', '']

<l n="51" xml:id="Gl51"><w xml:id="Gl51w1" >[<expan corresp="#ab-tild-Q">Q<ex>ue</ex></expan></w><w xml:id="Gl51w2" >cil]</w><w xml:id="Gl51w3" >mantenoient</w><w xml:id="Gl51w4" >honor</w><pc xml:id="Gl51pc1" resp="#ed">,</pc></l>
1) ['', '', '', 'cil]', 'mantenoient', 'honor', ',', '']
3) ['ue', '', '', '', '', '', '', '']
<w>[<expan corresp="#ab-tild-Q">Q<ex>ue</ex></expan></w>
2) ['ue', '', '']
<w>cil]</w>
<w>mantenoient</w>
<w>honor</w>
<pc resp="#ed">,</pc>

<l n="52" xml:id="Gl52"><w xml:id="Gl52w1" >Pro<c ana="#hiat">e</c>ce</w><w xml:id="Gl52w2" ><expan corresp="#ab-tir-7"><ex>et</ex></expan></w><w xml:id="Gl52w3" >foi</w><w xml:id="Gl52w4" ><expan corresp="#ab-tir-7"><ex>et</ex></expan></w><w xml:id="Gl52w5" >amor</w><pc xml:id="Gl52pc1" resp="#ed">.</pc></l>
1) ['', 'ce', '', '', '', 'foi', '', '', '', 'amor', '.', '']
2) ['e', '', '', '', '', '', '', '', '', '', '', '']
3) ['', '', 'et', '', '', '', 'et', '', '', '', '', '']
<w>Pro<c ana="#hiat">e</c>ce</w>
1) ['e', '']
<w><expan corresp="#ab-tir-7"><ex>et</ex></expan></w>
2) ['et', '', '']
<w>foi</w>
<w><expan corresp="#ab-tir-7"><ex>et</ex></expan></w>
2) ['et', '', '']
<w>amor</w>
<pc resp="#ed">.</pc>

<l n="53" xml:id="Gl53"><w xml:id="Gl53w1" >A</w><w xml:id="Gl53w2" >cel</w><w xml:id="Gl53w3" >tens</w><w xml:id="Gl53w4" >estoit</w><w xml:id="Gl53w5" >amors</w><w xml:id="Gl53w6" ><c ana="#lram-c">u</c>i<c ana="#lram-c">u</c>e</w></l>
1) ['A', 'cel', 'tens', 'estoit', 'amors', '', '', 'e', '']
2) ['', '', '', '', '', 'u', 'u', '', '']
<w>A</w>
<w>cel</w>
<w>tens</w>
<w>estoit</w>
<w>amors</w>
<w><c ana="#lram-c">u</c>i<c ana="#lram-c">u</c>e</w>
1) ['u', 'u', '']

<l n="54" xml:id="Gl54"><w xml:id="Gl54w1" >[_Qui</w><w xml:id="Gl54w2" >or</w><w xml:id="Gl54w3" >est]</w><w xml:id="Gl54w4" >morte</w><w xml:id="Gl54w5" ><expan corresp="#ab-tir-7"><ex>et</ex></expan></w><w xml:id="Gl54w6" >chaiti<c ana="#lram-c">u</c>e</w><pc xml:id="Gl54pc1" resp="#ed">;</pc></l>
1) ['[_Qui', 'or', 'est]', 'morte', '', '', '', '', 'e', ';', '']
2) ['', '', '', '', '', '', '', 'u', '', '', '']
3) ['', '', '', '', 'et', '', '', '', '', '', '']
<w>[_Qui</w>
<w>or</w>
<w>est]</w>
<w>morte</w>
<w><expan corresp="#ab-tir-7"><ex>et</ex></expan></w>
2) ['et', '', '']
<w>chaiti<c ana="#lram-c">u</c>e</w>
1) ['u', '']
<pc resp="#ed">;</pc>

<l n="55" xml:id="Gl55"><w xml:id="Gl55w1" >[De</w><w xml:id="Gl55w2" ><c ana="#lram-c">i</c>oie]</w><w xml:id="Gl55w3" >fu</w><w xml:id="Gl55w4" >dame</w><w xml:id="Gl55w5" ><expan corresp="#ab-tir-7"><ex>et</ex></expan></w><w xml:id="Gl55w6" >ro<c ana="#hiat">i</c>ne</w><pc xml:id="Gl55pc1" resp="#ed">,</pc></l>
1) ['[De', '', 'oie]', 'fu', 'dame', '', '', '', '', 'ne', ',', '']
2) ['', 'i', '', '', '', '', '', '', 'i', '', '', '']
3) ['', '', '', '', '', 'et', '', '', '', '', '', '']
<w>[De</w>
<w><c ana="#lram-c">i</c>oie]</w>
1) ['i', '']
<w>fu</w>
<w>dame</w>
<w><expan corresp="#ab-tir-7"><ex>et</ex></expan></w>
2) ['et', '', '']
<w>ro<c ana="#hiat">i</c>ne</w>
1) ['i', '']
<pc resp="#ed">,</pc>

<l n="56" xml:id="Gl56"><w xml:id="Gl56w1" >[_Or</w><w xml:id="Gl56w2" >est]</w><w xml:id="Gl56w3" >a<c ana="#lram-c">u</c>are</w><w xml:id="Gl56w4" ><expan corresp="#ab-tir-7"><ex>et</ex></expan></w><w xml:id="Gl56w5" >frarine</w><pc xml:id="Gl56pc1" resp="#ed">;</pc></l>
1) ['[_Or', 'est]', '', 'are', '', '', '', 'frarine', ';', '']
2) ['', '', 'u', '', '', '', '', '', '', '']
3) ['', '', '', '', 'et', '', '', '', '', '']
<w>[_Or</w>
<w>est]</w>
<w>a<c ana="#lram-c">u</c>are</w>
1) ['u', '']
<w><expan corresp="#ab-tir-7"><ex>et</ex></expan></w>
2) ['et', '', '']
<w>frarine</w>
<pc resp="#ed">;</pc>

<l n="57" xml:id="Gl57"><w xml:id="Gl57w1" >[_No<expan corresp="#ab-tild-nas"><ex>n</ex></expan></w><w xml:id="Gl57w2" >a<c ana="#lram-c">u</c>oit]</w><w xml:id="Gl57w3" >pas</w><w xml:id="Gl57w4" ana="#degl">en<space type="#degl"/>jan</w><w xml:id="Gl57w5" >[ne</w><w xml:id="Gl57w6" ><c ana="#lram-c">u</c>ice]</w><pc xml:id="Gl57pc1" resp="#ed">,</pc></l>
1) ['', '', '', '', 'oit]', 'pas', '', '', '', '', '', '']
2) ['', '', '', 'u', '', '', 'jan', '[ne', '', 'ice]', ',', '']
3) ['n', '', '', '', '', '', '', '', 'u', '', '', '']
<w>[_No<expan corresp="#ab-tild-nas"><ex>n</ex></expan></w>
2) ['n', '', '']
<w>a<c ana="#lram-c">u</c>oit]</w>
1) ['u', '']
<w>pas</w>
<w ana="#degl">en<space type="#degl"/>jan</w>
1) ['jan']
<w>[ne</w>
<w><c ana="#lram-c">u</c>ice]</w>
1) ['u', '']
<pc resp="#ed">,</pc>

<l n="58" xml:id="Gl58"><w xml:id="Gl58w1" >Mais</w><w xml:id="Gl58w2" >or</w><w xml:id="Gl58w3" >[se</w><w xml:id="Gl58w4" >muert]</w><w xml:id="Gl58w5" >por</w><w xml:id="Gl58w6" >a<c ana="#lram-c">u</c>arice</w><pc xml:id="Gl58pc1" resp="#ed">.</pc></l>
1) ['Mais', 'or', '[se', 'muert]', 'por', '', 'arice', '.', '']
2) ['', '', '', '', '', 'u', '', '', '']
<w>Mais</w>
<w>or</w>
<w>[se</w>
<w>muert]</w>
<w>por</w>
<w>a<c ana="#lram-c">u</c>arice</w>
1) ['u', '']
<pc resp="#ed">.</pc>

<l n="59" xml:id="Gl59"><w xml:id="Gl59w1" >[Or</w><w xml:id="Gl59w2" >ne</w><w xml:id="Gl59w3" ><c ana="#lram-c">u</c>eut]</w><w xml:id="Gl59w4" >pas</w><w xml:id="Gl59w5" >amors</w><w xml:id="Gl59w6" >noblece</w><pc xml:id="Gl59pc1" resp="#ed">,</pc></l>
1) ['[Or', 'ne', '', 'eut]', 'pas', 'amors', 'noblece', ',', '']
2) ['', '', 'u', '', '', '', '', '', '']
<w>[Or</w>
<w>ne</w>
<w><c ana="#lram-c">u</c>eut]</w>
1) ['u', '']
<w>pas</w>
<w>amors</w>
<w>noblece</w>
<pc resp="#ed">,</pc>

<l n="60" xml:id="Gl60"><w xml:id="Gl60w1" >Mais</w><w xml:id="Gl60w2" >celui</w><w xml:id="Gl60w3" ><c ana="#lram-c">u</c>eut</w><w xml:id="Gl60w4" >qui</w><w xml:id="Gl60w5" >a</w><w xml:id="Gl60w6" >richece</w><pc xml:id="Gl60pc1" resp="#ed">,</pc></l>
1) ['Mais', 'celui', '', 'eut', 'qui', 'a', 'richece', ',', '']
2) ['', '', 'u', '', '', '', '', '', '']
<w>Mais</w>
<w>celui</w>
<w><c ana="#lram-c">u</c>eut</w>
1) ['u', '']
<w>qui</w>
<w>a</w>
<w>richece</w>
<pc resp="#ed">,</pc>

<l n="61" xml:id="Gl61"><w xml:id="Gl61w1" >[Ou</w><w xml:id="Gl61w2" >soit]</w><w xml:id="Gl61w3" >ge<expan corresp="#ab-tild-nas"><ex>n</ex></expan>tiuz</w><w xml:id="Gl61w4" >[ou</w><w xml:id="Gl61w5" >soit]</w><w xml:id="Gl61w6" ><c ana="#lram-c">u</c>ilains</w><pc xml:id="Gl61pc1" resp="#ed">;</pc></l>
1) ['[Ou', 'soit]', '', '', 'tiuz', '[ou', 'soit]', '', 'ilains', ';', '']
2) ['', '', '', '', '', '', '', 'u', '', '', '']
3) ['', '', 'n', '', '', '', '', '', '', '', '']
<w>[Ou</w>
<w>soit]</w>
<w>ge<expan corresp="#ab-tild-nas"><ex>n</ex></expan>tiuz</w>
2) ['n', '', '']
<w>[ou</w>
<w>soit]</w>
<w><c ana="#lram-c">u</c>ilains</w>
1) ['u', '']
<pc resp="#ed">;</pc>

<l n="62" xml:id="Gl62"><w xml:id="Gl62w1" >Amors</w><w xml:id="Gl62w2" >tent</w><w xml:id="Gl62w3" >[<expan corresp="#ab-lm-pbarr-d">p<ex>ar</ex></expan></w><w xml:id="Gl62w4" >toz]</w><w xml:id="Gl62w5" >leus</w><w xml:id="Gl62w6" >[se</w><w xml:id="Gl62w7" >mains]</w><pc xml:id="Gl62pc1" resp="#ed">.</pc></l>
1) ['Amors', 'tent', '', '', '', 'toz]', 'leus', '[se', 'mains]', '.', '']
3) ['', '', 'ar', '', '', '', '', '', '', '', '']
<w>Amors</w>
<w>tent</w>
<w>[<expan corresp="#ab-lm-pbarr-d">p<ex>ar</ex></expan></w>
2) ['ar', '', '']
<w>toz]</w>
<w>leus</w>
<w>[se</w>
<w>mains]</w>
<pc resp="#ed">.</pc>

<l n="63" xml:id="Gl63"><w xml:id="Gl63w1" ana="#elis">S</w><w xml:id="Gl63w2" >[il</w><w xml:id="Gl63w3" >est]</w><w xml:id="Gl63w4" ><c ana="#lram-c">u</c>ilains</w><w xml:id="Gl63w5" >cul<c ana="#lram-c">u</c>erz</w><w xml:id="Gl63w6" ><expan corresp="#ab-lm-pbarr-c">p<ex>ro</ex></expan><c ana="#lram-c">u</c><c ana="#e-ton">e</c>z</w><pc xml:id="Gl63pc1" resp="#ed">,</pc></l>
1) ['S', '[il', 'est]', '', 'ilains', '', 'erz', '', '', '', '', 'z', ',', '']
2) ['', '', '', 'u', '', 'u', '', '', '', 'u', 'e', '', '', '']
3) ['', '', '', '', '', '', '', 'ro', '', '', '', '', '', '']
<w ana="#elis">S</w>
<w>[il</w>
<w>est]</w>
<w><c ana="#lram-c">u</c>ilains</w>
1) ['u', '']
<w>cul<c ana="#lram-c">u</c>erz</w>
1) ['u', '']
<w><expan corresp="#ab-lm-pbarr-c">p<ex>ro</ex></expan><c ana="#lram-c">u</c><c ana="#e-ton">e</c>z</w>
1) ['', '', 'u', 'e', '']
2) ['ro', '', '', '', '']
<pc resp="#ed">,</pc>

<l n="64" xml:id="Gl64"><w xml:id="Gl64w1" >[Sol</w><w xml:id="Gl64w2" >que]</w><w xml:id="Gl64w3" >il</w><w xml:id="Gl64w4" >ait</w><w xml:id="Gl64w5" ana="#elis">d</w><w xml:id="Gl64w6" >a<c ana="#lram-c">u</c>oir</w><w xml:id="Gl64w7" >asez</w></l>
1) ['[Sol', 'que]', 'il', 'ait', 'd', '', 'oir', 'asez', '']
2) ['', '', '', '', '', 'u', '', '', '']
<w>[Sol</w>
<w>que]</w>
<w>il</w>
<w>ait</w>
<w ana="#elis">d</w>
<w>a<c ana="#lram-c">u</c>oir</w>
1) ['u', '']
<w>asez</w>

<l n="65" xml:id="Gl65"><w xml:id="Gl65w1" >Bien</w><w xml:id="Gl65w2" >ert</w><w xml:id="Gl65w3" >ser<c ana="#lram-c">u</c>iz</w><w xml:id="Gl65w4" ><expan corresp="#ab-tir-7"><ex>et</ex></expan></w><w xml:id="Gl65w5" >rece<c ana="#hiat">u</c>z</w><pc xml:id="Gl65pc1" resp="#ed">.</pc></l>
1) ['Bien', 'ert', '', 'iz', '', '', '', '', 'z', '.', '']
2) ['', '', 'u', '', '', '', '', 'u', '', '', '']
3) ['', '', '', '', 'et', '', '', '', '', '', '']
<w>Bien</w>
<w>ert</w>
<w>ser<c ana="#lram-c">u</c>iz</w>
1) ['u', '']
<w><expan corresp="#ab-tir-7"><ex>et</ex></expan></w>
2) ['et', '', '']
<w>rece<c ana="#hiat">u</c>z</w>
1) ['u', '']
<pc resp="#ed">.</pc>

<l n="66" xml:id="Gl66"><w xml:id="Gl66w1" >Mais</w><w xml:id="Gl66w2" >il</w><w xml:id="Gl66w3" ana="#elis">n</w><w xml:id="Gl66w4" >est</w><w xml:id="Gl66w5" >mout</w><w xml:id="Gl66w6" >de</w><w xml:id="Gl66w7" >dece<c ana="#hiat">u</c>z</w></l>
1) ['Mais', 'il', 'n', 'est', 'mout', 'de', '', 'z', '']
2) ['', '', '', '', '', '', 'u', '', '']
<w>Mais</w>
<w>il</w>
<w ana="#elis">n</w>
<w>est</w>
<w>mout</w>
<w>de</w>
<w>dece<c ana="#hiat">u</c>z</w>
1) ['u', '']

<l n="67" xml:id="Gl67"><w xml:id="Gl67w1" >[_Quar</w><w xml:id="Gl67w2" >il</w><w xml:id="Gl67w3" >ne</w><w xml:id="Gl67w4" >set]</w><w xml:id="Gl67w5" >[ne</w><w xml:id="Gl67w6" >il]</w><w xml:id="Gl67w7" >ne</w><w xml:id="Gl67w8" ><c ana="#lram-c">u</c>oit</w></l>
1) ['[_Quar', 'il', 'ne', 'set]', '[ne', 'il]', 'ne', '', 'oit', '']
2) ['', '', '', '', '', '', '', 'u', '', '']
<w>[_Quar</w>
<w>il</w>
<w>ne</w>
<w>set]</w>
<w>[ne</w>
<w>il]</w>
<w>ne</w>
<w><c ana="#lram-c">u</c>oit</w>
1) ['u', '']

<l n="68" xml:id="Gl68"><w xml:id="Gl68w1" >Come<expan corresp="#ab-tild-nas"><ex>n</ex></expan>t</w><w xml:id="Gl68w2" >[li</w><w xml:id="Gl68w3" >a<c ana="#lram-c">u</c>oirs]</w><w xml:id="Gl68w4" >[le</w><w xml:id="Gl68w5" >de<c ana="#affr">c</c>oit]</w><pc xml:id="Gl68pc1" resp="#ed">:</pc></l>
1) ['', '', 't', '[li', '', 'oirs]', '[le', '', 'oit]', ':', '']
2) ['', '', '', '', 'u', '', '', 'c', '', '', '']
3) ['n', '', '', '', '', '', '', '', '', '', '']
<w>Come<expan corresp="#ab-tild-nas"><ex>n</ex></expan>t</w>
2) ['n', '', '']
<w>[li</w>
<w>a<c ana="#lram-c">u</c>oirs]</w>
1) ['u', '']
<w>[le</w>
<w>de<c ana="#affr">c</c>oit]</w>
1) ['c', '']
<pc resp="#ed">:</pc>

<l n="69" xml:id="Gl69"><w xml:id="Gl69w1" >Qua<expan corresp="#ab-tild-nas"><ex>n</ex></expan>t</w><w xml:id="Gl69w2" >[lo</w><w xml:id="Gl69w3" ><expan corresp="#ab-tir-9"><ex>con</ex></expan><expan corresp="#ab-sus-qi">q<ex>u</ex>i</expan>ert]</w><w xml:id="Gl69w4" ana="#elis">n</w><w xml:id="Gl69w5" >[_a</w><w xml:id="Gl69w6" ><c ana="#lram-c">i</c>oie]</w><w xml:id="Gl69w7" ><c ana="#lram-c">u</c>aine</w></l>
1) ['', '', 't', '[lo', '', '', '', '', 'ert]', 'n', '[_a', '', 'oie]', '', 'aine', '']
2) ['', '', '', '', '', '', '', 'i', '', '', '', 'i', '', 'u', '', '']
3) ['n', '', '', '', 'con', '', 'u', '', '', '', '', '', '', '', '', '']
<w>Qua<expan corresp="#ab-tild-nas"><ex>n</ex></expan>t</w>
2) ['n', '', '']
<w>[lo</w>
<w><expan corresp="#ab-tir-9"><ex>con</ex></expan><expan corresp="#ab-sus-qi">q<ex>u</ex>i</expan>ert]</w>
1) ['', '', '', 'i', '']
2) ['con', '', 'u', '', '']
<w ana="#elis">n</w>
<w>[_a</w>
<w><c ana="#lram-c">i</c>oie]</w>
1) ['i', '']
<w><c ana="#lram-c">u</c>aine</w>
1) ['u', '']

<l n="70" xml:id="Gl70"><w xml:id="Gl70w1" ><expan corresp="#ab-tir-7"><ex>et</ex></expan></w><w xml:id="Gl70w2" >qua<expan corresp="#ab-tild-nas"><ex>n</ex></expan>t</w><w xml:id="Gl70w3" >[lo</w><w xml:id="Gl70w4" >pert]</w><w xml:id="Gl70w5" >dolor</w><w xml:id="Gl70w6" >certaine</w><pc xml:id="Gl70pc1" resp="#ed">;</pc></l>
1) ['', '', '', '', '', 't', '[lo', 'pert]', 'dolor', 'certaine', ';', '']
3) ['et', '', '', 'n', '', '', '', '', '', '', '', '']
<w><expan corresp="#ab-tir-7"><ex>et</ex></expan></w>
2) ['et', '', '']
<w>qua<expan corresp="#ab-tild-nas"><ex>n</ex></expan>t</w>
2) ['n', '', '']
<w>[lo</w>
<w>pert]</w>
<w>dolor</w>
<w>certaine</w>
<pc resp="#ed">;</pc>

<l n="71" xml:id="Gl71"><w xml:id="Gl71w1" >[Ne</w><w xml:id="Gl71w2" ana="#encl">l</w><w xml:id="Gl71w3" >puet]</w><w xml:id="Gl71w4" >[pas</w><w xml:id="Gl71w5" >garder]</w><w xml:id="Gl71w6" ><choice><sic>logema<expan corresp="#ab-tild-nas"><ex>n</ex></expan>t</sic><corr>longement</corr></choice></w></l>
1) ['[Ne', 'l', 'puet]', '[pas', 'garder]', '', '', '', '', '', '', '']
3) ['', '', '', '', '', '', '', 't', 'longement', '', '', '']
5) ['', '', '', '', '', 'n', '', '', '', '', '', '']
<w>[Ne</w>
<w ana="#encl">l</w>
<w>puet]</w>
<w>[pas</w>
<w>garder]</w>
<w><choice><sic>logema<expan corresp="#ab-tild-nas"><ex>n</ex></expan>t</sic><corr>longement</corr></choice></w>
2) ['', '', 't', 'longement', '', '']
4) ['n', '', '', '', '', '']

<l n="72" xml:id="Gl72"><w xml:id="Gl72w1" >[<expan corresp="#ab-tild-Q">Q<ex>ue</ex></expan></w><w xml:id="Gl72w2" >ne</w><w xml:id="Gl72w3" ana="#encl">l</w><w xml:id="Gl72w4" ><expan corresp="#ab-lm-pbarr-d">p<ex>er</ex></expan>de]</w><w xml:id="Gl72w5" ana="#elis">s</w><w xml:id="Gl72w6" >il</w><w xml:id="Gl72w7" >ne</w><w xml:id="Gl72w8" ana="#encl">l</w><w xml:id="Gl72w9" >despant</w><pc xml:id="Gl72pc1" resp="#ed">.</pc></l>
1) ['', '', '', 'ne', 'l', '', '', 'de]', 's', 'il', 'ne', 'l', 'despant', '.', '']
3) ['ue', '', '', '', '', 'er', '', '', '', '', '', '', '', '', '']
<w>[<expan corresp="#ab-tild-Q">Q<ex>ue</ex></expan></w>
2) ['ue', '', '']
<w>ne</w>
<w ana="#encl">l</w>
<w><expan corresp="#ab-lm-pbarr-d">p<ex>er</ex></expan>de]</w>
2) ['er', '', '']
<w ana="#elis">s</w>
<w>il</w>
<w>ne</w>
<w ana="#encl">l</w>
<w>despant</w>
<pc resp="#ed">.</pc>

<l n="73" xml:id="Gl73"><w xml:id="Gl73w1" >A<c ana="#lram-c">u</c>oirs</w><w xml:id="Gl73w2" >est</w><w xml:id="Gl73w3" ><expan corresp="#ab-lm-pbarr-d">p<ex>er</ex></expan>duz</w><w xml:id="Gl73w4" >[maintes</w><w xml:id="Gl73w5" >parz]</w><pc xml:id="Gl73pc1" resp="#ed">:</pc></l>
1) ['', 'oirs', 'est', '', '', 'duz', '[maintes', 'parz]', ':', '']
2) ['u', '', '', '', '', '', '', '', '', '']
3) ['', '', '', 'er', '', '', '', '', '', '']
<w>A<c ana="#lram-c">u</c>oirs</w>
1) ['u', '']
<w>est</w>
<w><expan corresp="#ab-lm-pbarr-d">p<ex>er</ex></expan>duz</w>
2) ['er', '', '']
<w>[maintes</w>
<w>parz]</w>
<pc resp="#ed">:</pc>

<l n="74" xml:id="Gl74"><w xml:id="Gl74w1" >A<c ana="#lram-c">u</c>airs</w><w xml:id="Gl74w2" >ho<expan corresp="#ab-tild-nas"><ex>n</ex></expan></w><w xml:id="Gl74w3" ana="#elis">n</w><w xml:id="Gl74w4" >ert</w><w xml:id="Gl74w5" ><c ana="#lram-c">i</c>a</w><w xml:id="Gl74w6" >senz</w><w xml:id="Gl74w7" >reguart</w><pc xml:id="Gl74pc1" resp="#ed">,</pc></l>
1) ['', 'airs', '', '', '', 'n', 'ert', '', 'a', 'senz', 'reguart', ',', '']
2) ['u', '', '', '', '', '', '', 'i', '', '', '', '', '']
3) ['', '', 'n', '', '', '', '', '', '', '', '', '', '']
<w>A<c ana="#lram-c">u</c>airs</w>
1) ['u', '']
<w>ho<expan corresp="#ab-tild-nas"><ex>n</ex></expan></w>
2) ['n', '', '']
<w ana="#elis">n</w>
<w>ert</w>
<w><c ana="#lram-c">i</c>a</w>
1) ['i', '']
<w>senz</w>
<w>reguart</w>
<pc resp="#ed">,</pc>

<l n="75" xml:id="Gl75"><w xml:id="Gl75w1" ana="#elis">Qu</w><w xml:id="Gl75w2" >il</w><w xml:id="Gl75w3" >pert</w><w xml:id="Gl75w4" >[en</w><w xml:id="Gl75w5" >terre]</w><w xml:id="Gl75w6" >[<expan corresp="#ab-tir-7"><ex>et</ex></expan></w><w xml:id="Gl75w7" ><expan corresp="#ab-lm-pbarr-d">p<ex>er</ex></expan>t]</w><w xml:id="Gl75w8" >[en</w><w xml:id="Gl75w9" >mer]</w><pc xml:id="Gl75pc1" resp="#ed">;</pc></l>
1) ['Qu', 'il', 'pert', '[en', 'terre]', '', '', '', '', '', 't]', '[en', 'mer]', ';', '']
3) ['', '', '', '', '', 'et', '', '', 'er', '', '', '', '', '', '']
<w ana="#elis">Qu</w>
<w>il</w>
<w>pert</w>
<w>[en</w>
<w>terre]</w>
<w>[<expan corresp="#ab-tir-7"><ex>et</ex></expan></w>
2) ['et', '', '']
<w><expan corresp="#ab-lm-pbarr-d">p<ex>er</ex></expan>t]</w>
2) ['er', '', '']
<w>[en</w>
<w>mer]</w>
<pc resp="#ed">;</pc>

<l n="76" xml:id="Gl76"><w xml:id="Gl76w1" >Por</w><w xml:id="Gl76w2" >robeors</w><w xml:id="Gl76w3" ><expan corresp="#ab-tir-7"><ex>et</ex></expan></w><w xml:id="Gl76w4" >por</w><w xml:id="Gl76w5" >enbler</w><pc xml:id="Gl76pc1" resp="#ed">,</pc></l>
1) ['Por', 'robeors', '', '', '', 'por', 'enbler', ',', '']
3) ['', '', 'et', '', '', '', '', '', '']
<w>Por</w>
<w>robeors</w>
<w><expan corresp="#ab-tir-7"><ex>et</ex></expan></w>
2) ['et', '', '']
<w>por</w>
<w>enbler</w>
<pc resp="#ed">,</pc>

<l n="77" xml:id="Gl77"><w xml:id="Gl77w1" >[<expan corresp="#ab-lm-pbarr-d">P<ex>or</ex></expan></w><w xml:id="Gl77w2" >mal]</w><w xml:id="Gl77w3" >segnor</w><w xml:id="Gl77w4" >pert</w><w xml:id="Gl77w5" >[<expan corresp="#ab-tir-7"><ex>et</ex></expan></w><w xml:id="Gl77w6" ><expan corresp="#ab-lm-pbarr-d">p<ex>or</ex></expan></w><w xml:id="Gl77w7" >guera]</w><pc xml:id="Gl77pc1" resp="#ed">;</pc></l>
1) ['', '', '', 'mal]', 'segnor', 'pert', '', '', '', '', '', '', 'guera]', ';', '']
3) ['or', '', '', '', '', '', 'et', '', '', 'or', '', '', '', '', '']
<w>[<expan corresp="#ab-lm-pbarr-d">P<ex>or</ex></expan></w>
2) ['or', '', '']
<w>mal]</w>
<w>segnor</w>
<w>pert</w>
<w>[<expan corresp="#ab-tir-7"><ex>et</ex></expan></w>
2) ['et', '', '']
<w><expan corresp="#ab-lm-pbarr-d">p<ex>or</ex></expan></w>
2) ['or', '', '']
<w>guera]</w>
<pc resp="#ed">;</pc>

<l n="78" xml:id="Gl78"><w xml:id="Gl78w1" >Qua<expan corresp="#ab-tild-nas"><ex>n</ex></expan>t</w><w xml:id="Gl78w2" >muert</w><w xml:id="Gl78w3" >pert</w><w xml:id="Gl78w4" ana="#elis">l</w><w xml:id="Gl78w5" >a<c ana="#lram-c">u</c>oir</w><w xml:id="Gl78w6" ><expan corresp="#ab-tir-7"><ex>et</ex></expan></w><w xml:id="Gl78w7" >[la</w><w xml:id="Gl78w8" >t<expan corresp="#ab-tild-ang-hor"><ex>er</ex></expan>ra]</w><pc xml:id="Gl78pc1" resp="#ed">,</pc></l>
1) ['', '', 't', 'muert', 'pert', 'l', '', 'oir', '', '', '', '[la', '', '', 'ra]', ',', '']
2) ['', '', '', '', '', '', 'u', '', '', '', '', '', '', '', '', '', '']
3) ['n', '', '', '', '', '', '', '', 'et', '', '', '', 'er', '', '', '', '']
<w>Qua<expan corresp="#ab-tild-nas"><ex>n</ex></expan>t</w>
2) ['n', '', '']
<w>muert</w>
<w>pert</w>
<w ana="#elis">l</w>
<w>a<c ana="#lram-c">u</c>oir</w>
1) ['u', '']
<w><expan corresp="#ab-tir-7"><ex>et</ex></expan></w>
2) ['et', '', '']
<w>[la</w>
<w>t<expan corresp="#ab-tild-ang-hor"><ex>er</ex></expan>ra]</w>
2) ['er', '', '']
<pc resp="#ed">,</pc>

<l n="79" xml:id="Gl79"><w xml:id="Gl79w1" >Lors</w><w xml:id="Gl79w2" >lait</w><w xml:id="Gl79w3" >[_il</w><w xml:id="Gl79w4" >treitot]</w><w xml:id="Gl79w5" >[<expan corresp="#ab-tir-7"><ex>et</ex></expan></w><w xml:id="Gl79w6" >grepit]</w></l>
1) ['Lors', 'lait', '[_il', 'treitot]', '', '', '', 'grepit]', '']
3) ['', '', '', '', 'et', '', '', '', '']
<w>Lors</w>
<w>lait</w>
<w>[_il</w>
<w>treitot]</w>
<w>[<expan corresp="#ab-tir-7"><ex>et</ex></expan></w>
2) ['et', '', '']
<w>grepit]</w>

<l n="80" xml:id="Gl80"><w xml:id="Gl80w1" >Teuz</w><w xml:id="Gl80w2" >le</w><w xml:id="Gl80w3" >despe<expan corresp="#ab-tild-nas"><ex>n</ex></expan>t</w><w xml:id="Gl80w4" ><expan corresp="#ab-sus-qi">q<ex>u</ex>i</expan></w><w xml:id="Gl80w5" >ne</w><w xml:id="Gl80w6" ana="#encl">l</w><w xml:id="Gl80w7" ><expan corresp="#ab-tir-9"><ex>con</ex></expan>quist</w><pc xml:id="Gl80pc1" resp="#ed">.</pc></l>
1) ['Teuz', 'le', '', '', 't', '', '', '', 'ne', 'l', '', '', 'quist', '.', '']
2) ['', '', '', '', '', '', 'i', '', '', '', '', '', '', '', '']
3) ['', '', 'n', '', '', 'u', '', '', '', '', 'con', '', '', '', '']
<w>Teuz</w>
<w>le</w>
<w>despe<expan corresp="#ab-tild-nas"><ex>n</ex></expan>t</w>
2) ['n', '', '']
<w><expan corresp="#ab-sus-qi">q<ex>u</ex>i</expan></w>
1) ['', 'i', '']
2) ['u', '', '']
<w>ne</w>
<w ana="#encl">l</w>
<w><expan corresp="#ab-tir-9"><ex>con</ex></expan>quist</w>
2) ['con', '', '']
<pc resp="#ed">.</pc>

<l n="81" xml:id="Gl81"><w xml:id="Gl81w1" >Ne</w><w xml:id="Gl81w2" ana="#encl">l</w><w xml:id="Gl81w3" >di</w><w xml:id="Gl81w4" >pas</w><w xml:id="Gl81w5" >porce</w><w xml:id="Gl81w6" >que</w><w xml:id="Gl81w7" >doner</w></l>
1) ['Ne', 'l', 'di', 'pas', 'porce', 'que', 'doner', '']
<w>Ne</w>
<w ana="#encl">l</w>
<w>di</w>
<w>pas</w>
<w>porce</w>
<w>que</w>
<w>doner</w>

<l n="82" xml:id="Gl82"><w xml:id="Gl82w1" >[Ne</w><w xml:id="Gl82w2" >puet]</w><w xml:id="Gl82w3" >on</w><w xml:id="Gl82w4" >pas</w><w xml:id="Gl82w5" >senz</w><w xml:id="Gl82w6" ><expan corresp="#ab-tir-9"><ex>con</ex></expan><expan corresp="#ab-tild-q">q<ex>ue</ex></expan>ster</w><pc xml:id="Gl82pc1" resp="#ed">:</pc></l>
1) ['[Ne', 'puet]', 'on', 'pas', 'senz', '', '', '', '', 'ster', ':', '']
3) ['', '', '', '', '', 'con', '', 'ue', '', '', '', '']
<w>[Ne</w>
<w>puet]</w>
<w>on</w>
<w>pas</w>
<w>senz</w>
<w><expan corresp="#ab-tir-9"><ex>con</ex></expan><expan corresp="#ab-tild-q">q<ex>ue</ex></expan>ster</w>
2) ['con', '', 'ue', '', '']
<pc resp="#ed">:</pc>

<l n="83" xml:id="Gl83"><w xml:id="Gl83w1" ><expan corresp="#ab-sus-qi">Q<ex>u</ex>i</expan></w><w xml:id="Gl83w2" ><expan corresp="#ab-ctr-mlt">m<ex>u</ex>lt</expan></w><w xml:id="Gl83w3" >despe<expan corresp="#ab-tild-nas"><ex>n</ex></expan>t</w><w xml:id="Gl83w4" >[<expan corresp="#ab-tir-7"><ex>et</ex></expan></w><w xml:id="Gl83w5" >poi]</w><w xml:id="Gl83w6" >amase</w></l>
1) ['', '', '', '', '', '', '', '', 't', '', '', '', 'poi]', 'amase', '']
2) ['', 'i', '', '', 'lt', '', '', '', '', '', '', '', '', '', '']
3) ['u', '', '', 'u', '', '', 'n', '', '', 'et', '', '', '', '', '']
<w><expan corresp="#ab-sus-qi">Q<ex>u</ex>i</expan></w>
1) ['', 'i', '']
2) ['u', '', '']
<w><expan corresp="#ab-ctr-mlt">m<ex>u</ex>lt</expan></w>
1) ['', 'lt', '']
2) ['u', '', '']
<w>despe<expan corresp="#ab-tild-nas"><ex>n</ex></expan>t</w>
2) ['n', '', '']
<w>[<expan corresp="#ab-tir-7"><ex>et</ex></expan></w>
2) ['et', '', '']
<w>poi]</w>
<w>amase</w>

<l n="84" xml:id="Gl84"><w xml:id="Gl84w1" >Tot</w><w xml:id="Gl84w2" >pert</w><w xml:id="Gl84w3" >[son</w><w xml:id="Gl84w4" ><expan corresp="#ab-sus-pi">p<ex>r</ex>i</expan>s]</w><w xml:id="Gl84w5" >lai</w><w xml:id="Gl84w6" >ont</w><w xml:id="Gl84w7" >[il</w><w xml:id="Gl84w8" >laise]</w><pc xml:id="Gl84pc1" resp="#ed">;</pc></l>
1) ['Tot', 'pert', '[son', '', '', 's]', 'lai', 'ont', '[il', 'laise]', ';', '']
2) ['', '', '', '', 'i', '', '', '', '', '', '', '']
3) ['', '', '', 'r', '', '', '', '', '', '', '', '']
<w>Tot</w>
<w>pert</w>
<w>[son</w>
<w><expan corresp="#ab-sus-pi">p<ex>r</ex>i</expan>s]</w>
1) ['', 'i', '']
2) ['r', '', '']
<w>lai</w>
<w>ont</w>
<w>[il</w>
<w>laise]</w>
<pc resp="#ed">;</pc>

<l n="85" xml:id="Gl85"><w xml:id="Gl85w1" ><expan corresp="#ab-tir-7"><ex>et</ex></expan></w><w xml:id="Gl85w2" >[<expan corresp="#ab-sus-qi">q<ex>u</ex>i</expan></w><w xml:id="Gl85w3" >con<expan corresp="#ab-sus-qi">q<ex>u</ex>i</expan>ert]</w><w xml:id="Gl85w4" ><expan corresp="#ab-tir-7"><ex>et</ex></expan></w><w xml:id="Gl85w5" >no</w><w xml:id="Gl85w6" >despent</w></l>
1) ['', '', '', '', '', '', '', '', 'ert]', '', '', '', 'no', 'despent', '']
2) ['', '', '', '', 'i', '', '', 'i', '', '', '', '', '', '', '']
3) ['et', '', '', 'u', '', '', 'u', '', '', 'et', '', '', '', '', '']
<w><expan corresp="#ab-tir-7"><ex>et</ex></expan></w>
2) ['et', '', '']
<w>[<expan corresp="#ab-sus-qi">q<ex>u</ex>i</expan></w>
1) ['', 'i', '']
2) ['u', '', '']
<w>con<expan corresp="#ab-sus-qi">q<ex>u</ex>i</expan>ert]</w>
1) ['', 'i', '']
2) ['u', '', '']
<w><expan corresp="#ab-tir-7"><ex>et</ex></expan></w>
2) ['et', '', '']
<w>no</w>
<w>despent</w>

<l n="86" xml:id="Gl86"><w xml:id="Gl86w1" ><c ana="#lram-v">J</c>l</w><w xml:id="Gl86w2" >est</w><w xml:id="Gl86w3" >a<c ana="#hiat">i</c>z</w><w xml:id="Gl86w4" >[de</w><w xml:id="Gl86w5" >mai<expan corresp="#ab-tild-nas"><ex>n</ex></expan>te]</w><w xml:id="Gl86w6" ><c ana="#lram-c">i</c>ant</w><pc xml:id="Gl86pc1" resp="#ed">.</pc></l>
1) ['', 'l', 'est', '', 'z', '[de', '', '', 'te]', '', 'ant', '.', '']
2) ['J', '', '', 'i', '', '', '', '', '', 'i', '', '', '']
3) ['', '', '', '', '', '', 'n', '', '', '', '', '', '']
<w><c ana="#lram-v">J</c>l</w>
1) ['J', '']
<w>est</w>
<w>a<c ana="#hiat">i</c>z</w>
1) ['i', '']
<w>[de</w>
<w>mai<expan corresp="#ab-tild-nas"><ex>n</ex></expan>te]</w>
2) ['n', '', '']
<w><c ana="#lram-c">i</c>ant</w>
1) ['i', '']
<pc resp="#ed">.</pc>

<l n="87" xml:id="Gl87"><w xml:id="Gl87w1" >[Li</w><w xml:id="Gl87w2" >uns]</w><w xml:id="Gl87w3" >senz</w><w xml:id="Gl87w4" ana="#elis">l</w><w xml:id="Gl87w5" >autre</w><w xml:id="Gl87w6" ana="#elis">n</w><w xml:id="Gl87w7" >a</w><w xml:id="Gl87w8" >mestier</w></l>
1) ['[Li', 'uns]', 'senz', 'l', 'autre', 'n', 'a', 'mestier', '']
<w>[Li</w>
<w>uns]</w>
<w>senz</w>
<w ana="#elis">l</w>
<w>autre</w>
<w ana="#elis">n</w>
<w>a</w>
<w>mestier</w>

<l n="88" xml:id="Gl88"><w xml:id="Gl88w1" >Quar</w><w xml:id="Gl88w2" >[li</w><w xml:id="Gl88w3" >u<expan corresp="#ab-tild-nas"><ex>n</ex></expan>s]</w><w xml:id="Gl88w4" >doit</w><w xml:id="Gl88w5" >al</w><w xml:id="Gl88w6" >autre</w><w xml:id="Gl88w7" >aidier</w><pc xml:id="Gl88pc1" resp="#ed">.</pc></l>
1) ['Quar', '[li', '', '', 's]', 'doit', 'al', 'autre', 'aidier', '.', '']
3) ['', '', 'n', '', '', '', '', '', '', '', '']
<w>Quar</w>
<w>[li</w>
<w>u<expan corresp="#ab-tild-nas"><ex>n</ex></expan>s]</w>
2) ['n', '', '']
<w>doit</w>
<w>al</w>
<w>autre</w>
<w>aidier</w>
<pc resp="#ed">.</pc>

<l n="89" xml:id="Gl89"><w xml:id="Gl89w1" >Poi</w><w xml:id="Gl89w2" ><c ana="#lram-c">u</c>aut</w><w xml:id="Gl89w3" ><expan corresp="#ab-tir-9"><ex>con</ex></expan>quere</w><w xml:id="Gl89w4" >senz</w><w xml:id="Gl89w5" >doner</w><pc xml:id="Gl89pc1" resp="#ed">,</pc></l>
1) ['Poi', '', 'aut', '', '', 'quere', 'senz', 'doner', ',', '']
2) ['', 'u', '', '', '', '', '', '', '', '']
3) ['', '', '', 'con', '', '', '', '', '', '']
<w>Poi</w>
<w><c ana="#lram-c">u</c>aut</w>
1) ['u', '']
<w><expan corresp="#ab-tir-9"><ex>con</ex></expan>quere</w>
2) ['con', '', '']
<w>senz</w>
<w>doner</w>
<pc resp="#ed">,</pc>

<l n="90" xml:id="Gl90"><w xml:id="Gl90w1" ><expan corresp="#ab-tir-7"><ex>et</ex></expan></w><w xml:id="Gl90w2" >[_qui</w><w xml:id="Gl90w3" >despe<expan corresp="#ab-tild-nas"><ex>n</ex></expan>t]</w><w xml:id="Gl90w4" >senz</w><w xml:id="Gl90w5" >conquester</w><pc xml:id="Gl90pc1" resp="#ed">,</pc></l>
1) ['', '', '', '[_qui', '', '', 't]', 'senz', 'conquester', ',', '']
3) ['et', '', '', '', 'n', '', '', '', '', '', '']
<w><expan corresp="#ab-tir-7"><ex>et</ex></expan></w>
2) ['et', '', '']
<w>[_qui</w>
<w>despe<expan corresp="#ab-tild-nas"><ex>n</ex></expan>t]</w>
2) ['n', '', '']
<w>senz</w>
<w>conquester</w>
<pc resp="#ed">,</pc>

<l n="91" xml:id="Gl91"><w xml:id="Gl91w1" >[Hon</w><w xml:id="Gl91w2" ana="#elis">l</w><w xml:id="Gl91w3" >a</w><w xml:id="Gl91w4" ><c ana="#lram-c">u</c>e<c ana="#hiat">u</c>]</w><w xml:id="Gl91w5" >[de</w><w xml:id="Gl91w6" >mainte]</w><w xml:id="Gl91w7" ><c ana="#lram-c">i</c>ant</w></l>
1) ['[Hon', 'l', 'a', '', '', ']', '[de', 'mainte]', '', 'ant', '']
2) ['', '', '', 'u', 'u', '', '', '', 'i', '', '']
<w>[Hon</w>
<w ana="#elis">l</w>
<w>a</w>
<w><c ana="#lram-c">u</c>e<c ana="#hiat">u</c>]</w>
1) ['u', 'u', '']
<w>[de</w>
<w>mainte]</w>
<w><c ana="#lram-c">i</c>ant</w>
1) ['i', '']

<l n="92" xml:id="Gl92"><w xml:id="Gl92w1" >Qui</w><w xml:id="Gl92w2" ana="#elis">d</w><w xml:id="Gl92w3" >auques</w><w xml:id="Gl92w4" ><c ana="#lram-c">u</c>iene<expan corresp="#ab-tild-nas"><ex>n</ex></expan>t</w><w xml:id="Gl92w5" >[<c ana= "#diacr-desamb">a</c></w><w xml:id="Gl92w6" >noient]</w><pc xml:id="Gl92pc1" resp="#ed">.</pc></l>
1) ['Qui', 'd', 'auques', '', '', '', 't', '', '', 'noient]', '.', '']
2) ['', '', '', 'u', '', '', '', 'a', '', '', '', '']
3) ['', '', '', '', 'n', '', '', '', '', '', '', '']
<w>Qui</w>
<w ana="#elis">d</w>
<w>auques</w>
<w><c ana="#lram-c">u</c>iene<expan corresp="#ab-tild-nas"><ex>n</ex></expan>t</w>
1) ['u', '', '', '']
2) ['', 'n', '', '']
<w>[<c ana= "#diacr-desamb">a</c></w>
1) ['a', '']
<w>noient]</w>
<pc resp="#ed">.</pc>

<l n="93" xml:id="Gl93"><w xml:id="Gl93w1" >[Bo<expan corresp="#ab-tild-nas"><ex>n</ex></expan>s</w><w xml:id="Gl93w2" ><expan corresp="#ab-sus-pi">p<ex>r</ex>i</expan>nces]</w><w xml:id="Gl93w3" >doit</w><w xml:id="Gl93w4" >toz</w><w xml:id="Gl93w5" ><c ana="#lram-c">i</c>orz</w><w xml:id="Gl93w6" >despa<expan corresp="#ab-tild-nas"><ex>n</ex></expan>dre</w></l>
1) ['', '', 's', '', '', 'nces]', 'doit', 'toz', '', 'orz', '', '', 'dre', '']
2) ['', '', '', '', 'i', '', '', '', 'i', '', '', '', '', '']
3) ['n', '', '', 'r', '', '', '', '', '', '', 'n', '', '', '']
<w>[Bo<expan corresp="#ab-tild-nas"><ex>n</ex></expan>s</w>
2) ['n', '', '']
<w><expan corresp="#ab-sus-pi">p<ex>r</ex>i</expan>nces]</w>
1) ['', 'i', '']
2) ['r', '', '']
<w>doit</w>
<w>toz</w>
<w><c ana="#lram-c">i</c>orz</w>
1) ['i', '']
<w>despa<expan corresp="#ab-tild-nas"><ex>n</ex></expan>dre</w>
2) ['n', '', '']

<l n="94" xml:id="Gl94"><w xml:id="Gl94w1" ><expan corresp="#ab-tir-7"><ex>et</ex></expan></w><w xml:id="Gl94w2" >co<expan corresp="#ab-tild-nas"><ex>n</ex></expan>quester</w><pc xml:id="Gl94pc1" resp="#ed">,</pc><w xml:id="Gl94w3" >doner</w><w xml:id="Gl94w4" ><expan corresp="#ab-tir-7"><ex>et</ex></expan></w><w xml:id="Gl94w5" >prandre</w><pc xml:id="Gl94pc2" resp="#ed">,</pc></l>
1) ['', '', '', '', '', 'quester', ',', 'doner', '', '', '', 'prandre', ',', '']
3) ['et', '', '', 'n', '', '', '', '', 'et', '', '', '', '', '']
<w><expan corresp="#ab-tir-7"><ex>et</ex></expan></w>
2) ['et', '', '']
<w>co<expan corresp="#ab-tild-nas"><ex>n</ex></expan>quester</w>
2) ['n', '', '']
<pc resp="#ed">,</pc>
<w>doner</w>
<w><expan corresp="#ab-tir-7"><ex>et</ex></expan></w>
2) ['et', '', '']
<w>prandre</w>
<pc resp="#ed">,</pc>

<l n="95" xml:id="Gl95"><w xml:id="Gl95w1" >Quar</w><w xml:id="Gl95w2" >largece</w><w xml:id="Gl95w3" >est</w><w xml:id="Gl95w4" >mere</w><w xml:id="Gl95w5" ana="#elis">d</w><w xml:id="Gl95w6" >amor</w></l>
1) ['Quar', 'largece', 'est', 'mere', 'd', 'amor', '']
<w>Quar</w>
<w>largece</w>
<w>est</w>
<w>mere</w>
<w ana="#elis">d</w>
<w>amor</w>

<l n="96" xml:id="Gl96"><w xml:id="Gl96w1" ><expan corresp="#ab-tir-7"><ex>et</ex></expan></w><w xml:id="Gl96w2" >[de</w><w xml:id="Gl96w3" >prohece]</w><w xml:id="Gl96w4" ><expan corresp="#ab-tir-7"><ex>et</ex></expan></w><w xml:id="Gl96w5" >[de</w><w xml:id="Gl96w6" >honor]</w><pc xml:id="Gl96pc1" resp="#ed">.</pc></l>
1) ['', '', '', '[de', 'prohece]', '', '', '', '[de', 'honor]', '.', '']
3) ['et', '', '', '', '', 'et', '', '', '', '', '', '']
<w><expan corresp="#ab-tir-7"><ex>et</ex></expan></w>
2) ['et', '', '']
<w>[de</w>
<w>prohece]</w>
<w><expan corresp="#ab-tir-7"><ex>et</ex></expan></w>
2) ['et', '', '']
<w>[de</w>
<w>honor]</w>
<pc resp="#ed">.</pc>

<l n="97" xml:id="Gl97"><w xml:id="Gl97w1" >[Ainsi</w><w xml:id="Gl97w2" >puet]</w><w xml:id="Gl97w3" >[del</w><w xml:id="Gl97w4" >segle]</w><w xml:id="Gl97w5" >joir</w><pc xml:id="Gl97pc1" resp="#ed">,</pc></l>
1) ['[Ainsi', 'puet]', '[del', 'segle]', 'joir', ',', '']
<w>[Ainsi</w>
<w>puet]</w>
<w>[del</w>
<w>segle]</w>
<w>joir</w>
<pc resp="#ed">,</pc>

<l n="98" xml:id="Gl98"><w xml:id="Gl98w1" >Amor</w><w xml:id="Gl98w2" >[<expan corresp="#ab-tir-7"><ex>et</ex></expan></w><w xml:id="Gl98w3" >henor]</w><w xml:id="Gl98w4" >maintenir</w></l>
1) ['Amor', '', '', '', 'henor]', 'maintenir', '']
3) ['', 'et', '', '', '', '', '']
<w>Amor</w>
<w>[<expan corresp="#ab-tir-7"><ex>et</ex></expan></w>
2) ['et', '', '']
<w>henor]</w>
<w>maintenir</w>

<l n="99" xml:id="Gl99"><w xml:id="Gl99w1" >Do<expan corresp="#ab-tild-nas"><ex>n</ex></expan>t</w><w xml:id="Gl99w2" >[il</w><w xml:id="Gl99w3" >ert]</w><w xml:id="Gl99w4" >delsegle</w><w xml:id="Gl99w5" >lo<c ana="#e-ton">e</c>z</w></l>
1) ['', '', 't', '[il', 'ert]', 'delsegle', '', 'z', '']
2) ['', '', '', '', '', '', 'e', '', '']
3) ['n', '', '', '', '', '', '', '', '']
<w>Do<expan corresp="#ab-tild-nas"><ex>n</ex></expan>t</w>
2) ['n', '', '']
<w>[il</w>
<w>ert]</w>
<w>delsegle</w>
<w>lo<c ana="#e-ton">e</c>z</w>
1) ['e', '']

<l n="100" xml:id="Gl100"><w xml:id="Gl100w1" ><expan corresp="#ab-tir-7"><ex>et</ex></expan></w><w xml:id="Gl100w2" >apr<c ana="#e-ton">e</c><subst><del rend="transf">?</del><add place="sup">s</add></subst></w><w xml:id="Gl100w3" >[sa</w><w xml:id="Gl100w4" >mort]</w><w xml:id="Gl100w5" >reme<expan corresp="#ab-tild-nas"><ex>n</ex></expan>br<c ana="#e-ton">e</c>z</w><pc xml:id="Gl100pc1" resp="#ed">.</pc></l>
1) ['', '', '', '', '', '', '', '', '[sa', 'mort]', '', '', '', 'z', '.', '']
2) ['', '', '', 'e', '', '', '', '', '', '', '', '', 'e', '', '', '']
3) ['et', '', '', '', '?', 's', '', '', '', '', 'n', '', '', '', '', '']
<w><expan corresp="#ab-tir-7"><ex>et</ex></expan></w>
2) ['et', '', '']
<w>apr<c ana="#e-ton">e</c><subst><del rend="transf">?</del><add place="sup">s</add></subst></w>
1) ['e', '', '', '', '']
2) ['', '?', 's', '', '']
<w>[sa</w>
<w>mort]</w>
<w>reme<expan corresp="#ab-tild-nas"><ex>n</ex></expan>br<c ana="#e-ton">e</c>z</w>
1) ['', '', 'e', '']
2) ['n', '', '', '']
<pc resp="#ed">.</pc>

<l n="101" xml:id="Gl101"><w xml:id="Gl101w1" >[De</w><w xml:id="Gl101w2" >ce]</w><w xml:id="Gl101w3" >me</w><w xml:id="Gl101w4" >doi</w><w xml:id="Gl101w5" >ata<expan corresp="#ab-tild-nas"><ex>n</ex></expan>t</w><w xml:id="Gl101w6" >laisier</w><pc xml:id="Gl101pc1" resp="#ed">,</pc></l>
1) ['[De', 'ce]', 'me', 'doi', '', '', 't', 'laisier', ',', '']
3) ['', '', '', '', 'n', '', '', '', '', '']
<w>[De</w>
<w>ce]</w>
<w>me</w>
<w>doi</w>
<w>ata<expan corresp="#ab-tild-nas"><ex>n</ex></expan>t</w>
2) ['n', '', '']
<w>laisier</w>
<pc resp="#ed">,</pc>

<l n="102" xml:id="Gl102"><w xml:id="Gl102w1" >[<c ana="#diacr-desamb">A</c></w><w xml:id="Gl102w2" >mo<expan corresp="#ab-tild-nas"><ex>n</ex></expan>]</w><w xml:id="Gl102w3" >co<expan corresp="#ab-tild-nas"><ex>n</ex></expan>te</w><w xml:id="Gl102w4" >doi</w><w xml:id="Gl102w5" >repairier</w><pc xml:id="Gl102pc1" resp="#ed">.</pc></l>
1) ['', '', '', '', ']', '', '', 'te', 'doi', 'repairier', '.', '']
2) ['A', '', '', '', '', '', '', '', '', '', '', '']
3) ['', '', 'n', '', '', 'n', '', '', '', '', '', '']
<w>[<c ana="#diacr-desamb">A</c></w>
1) ['A', '']
<w>mo<expan corresp="#ab-tild-nas"><ex>n</ex></expan>]</w>
2) ['n', '', '']
<w>co<expan corresp="#ab-tild-nas"><ex>n</ex></expan>te</w>
2) ['n', '', '']
<w>doi</w>
<w>repairier</w>
<pc resp="#ed">.</pc>

<l n="103" xml:id="Gl103"><w xml:id="Gl103w1" ><hi rend="init-flour">S</hi>egnor</w><pc xml:id="Gl103pc1" resp="#ed">,</pc><w xml:id="Gl103w2" >[<c ana="#lram-c">i</c>e</w><w xml:id="Gl103w3" ana="#encl">l</w><w xml:id="Gl103w4" >sai]</w><w xml:id="Gl103w5" >assez</w><w xml:id="Gl103w6" >[de</w><w xml:id="Gl103w7" >fi]</w></l>
1) ['', 'egnor', ',', '', 'e', 'l', 'sai]', 'assez', '[de', 'fi]', '']
2) ['S', '', '', 'i', '', '', '', '', '', '', '']
<w><hi rend="init-flour">S</hi>egnor</w>
1) ['S', '']
<pc resp="#ed">,</pc>
<w>[<c ana="#lram-c">i</c>e</w>
1) ['i', '']
<w ana="#encl">l</w>
<w>sai]</w>
<w>assez</w>
<w>[de</w>
<w>fi]</w>

<l n="104" xml:id="Gl104"><w xml:id="Gl104w1" >[<expan corresp="#ab-tild-Q">Q<ex>ue</ex></expan></w><w xml:id="Gl104w2" ana="#elis">d</w><persName ref="#ALE"><forename><w xml:id="Gl104w3" >alixa<expan corresp="#ab-tild-nas"><ex>n</ex></expan>dre]</w></forename></persName><w xml:id="Gl104w4" >a<c ana="#lram-c">u</c>ez</w><w xml:id="Gl104w5" >ho<c ana="#hiat">i</c></w><pc xml:id="Gl104pc1" resp="#ed">,</pc></l>
1) ['', '', '', 'd', '', '', '', '', '', '', 'ez', '', '', ',', '']
2) ['', '', '', '', '', '', '', '', '', 'u', '', 'i', '', '', '']
3) ['ue', '', '', '', '', '', 'dre]', '', '', '', '', '', '', '', '']
5) ['', '', '', '', 'n', '', '', '', '', '', '', '', '', '', '']
<w>[<expan corresp="#ab-tild-Q">Q<ex>ue</ex></expan></w>
2) ['ue', '', '']
<w ana="#elis">d</w>
<persName ref="#ALE"><forename><w>alixa<expan corresp="#ab-tild-nas"><ex>n</ex></expan>dre]</w></forename></persName>
2) ['', '', 'dre]', '', '']
4) ['n', '', '', '', '']
<w>a<c ana="#lram-c">u</c>ez</w>
1) ['u', '']
<w>ho<c ana="#hiat">i</c></w>
1) ['i', '']
<pc resp="#ed">,</pc>

<l n="105" xml:id="Gl105"><w xml:id="Gl105w1" >Mais</w><w xml:id="Gl105w2" >[ne</w><w xml:id="Gl105w3" >sa<c ana="#lram-c">u</c>ez]</w><w xml:id="Gl105w4" >encores</w><w xml:id="Gl105w5" >pas</w></l>
1) ['Mais', '[ne', '', 'ez]', 'encores', 'pas', '']
2) ['', '', 'u', '', '', '', '']
<w>Mais</w>
<w>[ne</w>
<w>sa<c ana="#lram-c">u</c>ez]</w>
1) ['u', '']
<w>encores</w>
<w>pas</w>

<l n="106" xml:id="Gl106"><w xml:id="Gl106w1" >Dont</w><w xml:id="Gl106w2" >fu</w><w xml:id="Gl106w3" >[sa</w><w xml:id="Gl106w4" >mere]</w><persName ref="#OLI"><forename><w xml:id="Gl106w5" >olinpias</w></forename></persName><pc xml:id="Gl106pc1" resp="#ed">;</pc></l>
1) ['Dont', 'fu', '[sa', 'mere]', '', '', '', ';', '']
3) ['', '', '', '', 'olinpias', '', '', '', '']
<w>Dont</w>
<w>fu</w>
<w>[sa</w>
<w>mere]</w>
<persName ref="#OLI"><forename><w>olinpias</w></forename></persName>
2) ['olinpias', '', '']
<pc resp="#ed">;</pc>

<l n="107" xml:id="Gl107"><w xml:id="Gl107w1" >[Je</w><w xml:id="Gl107w2" ana="#encl">l</w><w xml:id="Gl107w3" >dirai]</w><pc xml:id="Gl107pc1" resp="#ed">,</pc><w xml:id="Gl107w4" >[qui</w><w xml:id="Gl107w5" ana="#elis">l</w><w xml:id="Gl107w6" >ai]</w><w xml:id="Gl107w7" >en</w><w xml:id="Gl107w8" >memoire</w><pc xml:id="Gl107pc2" resp="#ed">.</pc></l>
1) ['[Je', 'l', 'dirai]', ',', '[qui', 'l', 'ai]', 'en', 'memoire', '.', '']
<w>[Je</w>
<w ana="#encl">l</w>
<w>dirai]</w>
<pc resp="#ed">,</pc>
<w>[qui</w>
<w ana="#elis">l</w>
<w>ai]</w>
<w>en</w>
<w>memoire</w>
<pc resp="#ed">.</pc>

<l n="108" xml:id="Gl108"><w xml:id="Gl108w1" >[Or</w><w xml:id="Gl108w2" ><choice><sic>escustez]</sic><corr>escutez</corr></choice></w><w xml:id="Gl108w3" ><expan corresp="#ab-ctr-mlt">m<ex>u</ex>lt</expan></w><w xml:id="Gl108w4" >riche</w><w xml:id="Gl108w5" >estoire</w></l>
1) ['[Or', '', '', '', '', '', '', '', 'riche', 'estoire', '']
2) ['', '', '', '', '', '', 'lt', '', '', '', '']
3) ['', 'escustez]', 'escutez', '', '', 'u', '', '', '', '', '']
<w>[Or</w>
<w><choice><sic>escustez]</sic><corr>escutez</corr></choice></w>
2) ['escustez]', 'escutez', '', '']
<w><expan corresp="#ab-ctr-mlt">m<ex>u</ex>lt</expan></w>
1) ['', 'lt', '']
2) ['u', '', '']
<w>riche</w>
<w>estoire</w>

<l n="109" xml:id="Gl109"><w xml:id="Gl109w1" >Deuz</w><w xml:id="Gl109w2" >[rois</w><pc xml:id="Gl109pc1" resp="#ed">,</pc><w xml:id="Gl109w3" >des</w><w xml:id="Gl109w4" ><expan corresp="#ab-sus-pi">p<ex>r</ex>i</expan>nces]</w><w xml:id="Gl109w5" >qui</w><w xml:id="Gl109w6" >[<c ana="#lram-v">j</c></w><w xml:id="Gl109w7" >sont]</w><pc xml:id="Gl109pc2" resp="#ed">,</pc></l>
1) ['Deuz', '[rois', ',', 'des', '', '', 'nces]', 'qui', '', '', 'sont]', ',', '']
2) ['', '', '', '', '', 'i', '', '', 'j', '', '', '', '']
3) ['', '', '', '', 'r', '', '', '', '', '', '', '', '']
<w>Deuz</w>
<w>[rois</w>
<pc resp="#ed">,</pc>
<w>des</w>
<w><expan corresp="#ab-sus-pi">p<ex>r</ex>i</expan>nces]</w>
1) ['', 'i', '']
2) ['r', '', '']
<w>qui</w>
<w>[<c ana="#lram-v">j</c></w>
1) ['j', '']
<w>sont]</w>
<pc resp="#ed">,</pc>

<l n="110" xml:id="Gl110"><w xml:id="Gl110w1" >[Li</w><w xml:id="Gl110w2" >pluis]</w><w xml:id="Gl110w3" >est</w><w xml:id="Gl110w4" >[del</w><persName ref="#FLO"><roleName><w xml:id="Gl110w5" >roi]</w></roleName><forename><w xml:id="Gl110w6" >floremo<expan corresp="#ab-tild-nas"><ex>n</ex></expan>t</w></forename></persName><pc xml:id="Gl110pc1" resp="#ed">.</pc></l>
1) ['[Li', 'pluis]', 'est', '[del', '', '', '', '', '', '', '', '.', '']
3) ['', '', '', '', 'roi]', '', '', '', 't', '', '', '', '']
5) ['', '', '', '', '', '', 'n', '', '', '', '', '', '']
<w>[Li</w>
<w>pluis]</w>
<w>est</w>
<w>[del</w>
<persName ref="#FLO"><roleName><w>roi]</w></roleName><forename><w>floremo<expan corresp="#ab-tild-nas"><ex>n</ex></expan>t</w></forename></persName>
2) ['roi]', '', '', '', 't', '', '']
4) ['', '', 'n', '', '', '', '']
<pc resp="#ed">.</pc>

<l n="111" xml:id="Gl111"><w xml:id="Gl111w1" >[Ce</w><w xml:id="Gl111w2" >dist]</w><persName ref="#AYM"><forename><w xml:id="Gl111w3" >aymes</w></forename></persName><pc xml:id="Gl111pc1" resp="#ed">,</pc><w xml:id="Gl111w4" >[or</w><w xml:id="Gl111w5" >escoutez]</w></l>
1) ['[Ce', 'dist]', '', '', '', ',', '[or', 'escoutez]', '']
3) ['', '', 'aymes', '', '', '', '', '', '']
<w>[Ce</w>
<w>dist]</w>
<persName ref="#AYM"><forename><w>aymes</w></forename></persName>
2) ['aymes', '', '']
<pc resp="#ed">,</pc>
<w>[or</w>
<w>escoutez]</w>

<l n="112" xml:id="Gl112"><w xml:id="Gl112w1" >[Vos</w><w xml:id="Gl112w2" ><expan corresp="#ab-sus-qi">q<ex>u</ex>i</expan></w><w xml:id="Gl112w3" >les</w><w xml:id="Gl112w4" >bo<expan corresp="#ab-tild-nas"><ex>n</ex></expan>s</w><w xml:id="Gl112w5" >diz]</w><w xml:id="Gl112w6" >entendez</w></l>
1) ['[Vos', '', '', '', 'les', '', '', 's', 'diz]', 'entendez', '']
2) ['', '', 'i', '', '', '', '', '', '', '', '']
3) ['', 'u', '', '', '', 'n', '', '', '', '', '']
<w>[Vos</w>
<w><expan corresp="#ab-sus-qi">q<ex>u</ex>i</expan></w>
1) ['', 'i', '']
2) ['u', '', '']
<w>les</w>
<w>bo<expan corresp="#ab-tild-nas"><ex>n</ex></expan>s</w>
2) ['n', '', '']
<w>diz]</w>
<w>entendez</w>

<l n="113" xml:id="Gl113"><w xml:id="Gl113w1" >Quar</w><w xml:id="Gl113w2" >[ci</w><w xml:id="Gl113w3" >poro<expan corresp="#ab-tild-nas"><ex>n</ex></expan>t]</w><w xml:id="Gl113w4" >tro<c ana="#lram-c">u</c>er</w><w xml:id="Gl113w5" >[la</w><w xml:id="Gl113w6" >flor]</w></l>
1) ['Quar', '[ci', '', '', 't]', '', 'er', '[la', 'flor]', '']
2) ['', '', '', '', '', 'u', '', '', '', '']
3) ['', '', 'n', '', '', '', '', '', '', '']
<w>Quar</w>
<w>[ci</w>
<w>poro<expan corresp="#ab-tild-nas"><ex>n</ex></expan>t]</w>
2) ['n', '', '']
<w>tro<c ana="#lram-c">u</c>er</w>
1) ['u', '']
<w>[la</w>
<w>flor]</w>

<l n="114" xml:id="Gl114"><w xml:id="Gl114w1" >Deuz</w><w xml:id="Gl114w2" >contes</w><w xml:id="Gl114w3" >[li</w><w xml:id="Gl114w4" >bo<expan corresp="#ab-tild-nas"><ex>n</ex></expan>]</w><w xml:id="Gl114w5" >conteor</w><pc xml:id="Gl114pc1" resp="#ed">,</pc></l>
1) ['Deuz', 'contes', '[li', '', '', ']', 'conteor', ',', '']
3) ['', '', '', 'n', '', '', '', '', '']
<w>Deuz</w>
<w>contes</w>
<w>[li</w>
<w>bo<expan corresp="#ab-tild-nas"><ex>n</ex></expan>]</w>
2) ['n', '', '']
<w>conteor</w>
<pc resp="#ed">,</pc>

<l n="115" xml:id="Gl115"><w xml:id="Gl115w1" ana="#elis">D</w><w xml:id="Gl115w2" >amors</w><w xml:id="Gl115w3" ><expan corresp="#ab-tir-7"><ex>et</ex></expan></w><w xml:id="Gl115w4" >de</w><w xml:id="Gl115w5" >chi<c ana="#lram-c">u</c>aleries</w><pc xml:id="Gl115pc1" resp="#ed">,</pc></l>
1) ['D', 'amors', '', '', '', 'de', '', 'aleries', ',', '']
2) ['', '', '', '', '', '', 'u', '', '', '']
3) ['', '', 'et', '', '', '', '', '', '', '']
<w ana="#elis">D</w>
<w>amors</w>
<w><expan corresp="#ab-tir-7"><ex>et</ex></expan></w>
2) ['et', '', '']
<w>de</w>
<w>chi<c ana="#lram-c">u</c>aleries</w>
1) ['u', '']
<pc resp="#ed">,</pc>

<l n="116" xml:id="Gl116"><w xml:id="Gl116w1" ana="#elis">D</w><w xml:id="Gl116w2" >a<c ana="#lram-c">u</c>e<expan corresp="#ab-tild-nas"><ex>n</ex></expan>tures</w><pc xml:id="Gl116pc1" resp="#ed">,</pc><w xml:id="Gl116w3" >[de</w><w xml:id="Gl116w4" >cortoisies]</w><pc xml:id="Gl116pc2" resp="#ed">,</pc></l>
1) ['D', '', '', '', 'tures', ',', '[de', 'cortoisies]', ',', '']
2) ['', 'u', '', '', '', '', '', '', '', '']
3) ['', '', 'n', '', '', '', '', '', '', '']
<w ana="#elis">D</w>
<w>a<c ana="#lram-c">u</c>e<expan corresp="#ab-tild-nas"><ex>n</ex></expan>tures</w>
1) ['u', '', '', '']
2) ['', 'n', '', '']
<pc resp="#ed">,</pc>
<w>[de</w>
<w>cortoisies]</w>
<pc resp="#ed">,</pc>

<l n="117" xml:id="Gl117"><w xml:id="Gl117w1" >[_<expan corresp="#ab-tir-7"><ex>et</ex></expan></w><w xml:id="Gl117w2" >de</w><w xml:id="Gl117w3" >largesce]</w><w xml:id="Gl117w4" >[_<expan corresp="#ab-tir-7"><ex>et</ex></expan></w><w xml:id="Gl117w5" ana="#elis">d</w><w xml:id="Gl117w6" >onor]</w><pc xml:id="Gl117pc1" resp="#ed">.</pc></l>
1) ['', '', '', 'de', 'largesce]', '', '', '', 'd', 'onor]', '.', '']
3) ['et', '', '', '', '', 'et', '', '', '', '', '', '']
<w>[_<expan corresp="#ab-tir-7"><ex>et</ex></expan></w>
2) ['et', '', '']
<w>de</w>
<w>largesce]</w>
<w>[_<expan corresp="#ab-tir-7"><ex>et</ex></expan></w>
2) ['et', '', '']
<w ana="#elis">d</w>
<w>onor]</w>
<pc resp="#ed">.</pc>

<l n="118" xml:id="Gl118"><w xml:id="Gl118w1" >Or</w><w xml:id="Gl118w2" >fetes</w><w xml:id="Gl118w3" >pais</w><pc xml:id="Gl118pc1" resp="#ed">,</pc><w xml:id="Gl118w4" >ho<c ana="#hiat">i</c>ez</w><w xml:id="Gl118w5" >segnor</w><pc xml:id="Gl118pc2" resp="#ed">.</pc></l>
1) ['Or', 'fetes', 'pais', ',', '', 'ez', 'segnor', '.', '']
2) ['', '', '', '', 'i', '', '', '', '']
<w>Or</w>
<w>fetes</w>
<w>pais</w>
<pc resp="#ed">,</pc>
<w>ho<c ana="#hiat">i</c>ez</w>
1) ['i', '']
<w>segnor</w>
<pc resp="#ed">.</pc>
